{"C:\\Users\\Collins\\Desktop\\demo_wallet\\knexfile.ts": {"path":"C:\\Users\\Collins\\Desktop\\demo_wallet\\knexfile.ts","statementMap":{"0":{"start":{"line":2,"column":0},"end":{"line":2,"column":28}},"1":{"start":{"line":7,"column":0},"end":{"line":7,"column":16}},"2":{"start":{"line":10,"column":28},"end":{"line":28,"column":2}},"3":{"start":{"line":30,"column":0},"end":{"line":30,"column":22}}},"fnMap":{},"branchMap":{},"s":{"0":5,"1":5,"2":5,"3":5},"f":{},"b":{}}
,"C:\\Users\\Collins\\Desktop\\demo_wallet\\src\\app.ts": {"path":"C:\\Users\\Collins\\Desktop\\demo_wallet\\src\\app.ts","statementMap":{"0":{"start":{"line":2,"column":0},"end":{"line":2,"column":67}},"1":{"start":{"line":3,"column":0},"end":{"line":3,"column":24}},"2":{"start":{"line":4,"column":0},"end":{"line":4,"column":28}},"3":{"start":{"line":5,"column":0},"end":{"line":5,"column":28}},"4":{"start":{"line":6,"column":0},"end":{"line":6,"column":43}},"5":{"start":{"line":7,"column":0},"end":{"line":7,"column":39}},"6":{"start":{"line":8,"column":0},"end":{"line":8,"column":30}},"7":{"start":{"line":9,"column":0},"end":{"line":9,"column":36}},"8":{"start":{"line":10,"column":0},"end":{"line":10,"column":63}},"9":{"start":{"line":11,"column":0},"end":{"line":11,"column":41}},"10":{"start":{"line":14,"column":12},"end":{"line":14,"column":21}},"11":{"start":{"line":116,"column":9},"end":{"line":116,"column":12}},"12":{"start":{"line":17,"column":0},"end":{"line":17,"column":18}},"13":{"start":{"line":18,"column":0},"end":{"line":18,"column":16}},"14":{"start":{"line":21,"column":16},"end":{"line":25,"column":2}},"15":{"start":{"line":26,"column":0},"end":{"line":26,"column":25}},"16":{"start":{"line":29,"column":0},"end":{"line":29,"column":24}},"17":{"start":{"line":30,"column":0},"end":{"line":30,"column":48}},"18":{"start":{"line":33,"column":0},"end":{"line":41,"column":1}},"19":{"start":{"line":34,"column":2},"end":{"line":40,"column":6}},"20":{"start":{"line":37,"column":8},"end":{"line":37,"column":36}},"21":{"start":{"line":44,"column":0},"end":{"line":49,"column":3}},"22":{"start":{"line":45,"column":2},"end":{"line":48,"column":5}},"23":{"start":{"line":51,"column":0},"end":{"line":53,"column":3}},"24":{"start":{"line":52,"column":2},"end":{"line":52,"column":28}},"25":{"start":{"line":56,"column":0},"end":{"line":56,"column":27}},"26":{"start":{"line":59,"column":0},"end":{"line":59,"column":18}},"27":{"start":{"line":62,"column":0},"end":{"line":64,"column":3}},"28":{"start":{"line":63,"column":2},"end":{"line":63,"column":55}},"29":{"start":{"line":67,"column":0},"end":{"line":70,"column":3}},"30":{"start":{"line":68,"column":2},"end":{"line":68,"column":40}},"31":{"start":{"line":69,"column":2},"end":{"line":69,"column":24}},"32":{"start":{"line":73,"column":0},"end":{"line":73,"column":40}},"33":{"start":{"line":74,"column":0},"end":{"line":74,"column":39}},"34":{"start":{"line":77,"column":2},"end":{"line":77,"column":47}},"35":{"start":{"line":79,"column":2},"end":{"line":96,"column":3}},"36":{"start":{"line":81,"column":4},"end":{"line":81,"column":23}},"37":{"start":{"line":82,"column":4},"end":{"line":82,"column":48}},"38":{"start":{"line":85,"column":4},"end":{"line":92,"column":5}},"39":{"start":{"line":86,"column":6},"end":{"line":89,"column":9}},"40":{"start":{"line":87,"column":8},"end":{"line":87,"column":38}},"41":{"start":{"line":88,"column":8},"end":{"line":88,"column":24}},"42":{"start":{"line":91,"column":6},"end":{"line":91,"column":22}},"43":{"start":{"line":94,"column":4},"end":{"line":94,"column":50}},"44":{"start":{"line":95,"column":4},"end":{"line":95,"column":20}},"45":{"start":{"line":100,"column":13},"end":{"line":100,"column":37}},"46":{"start":{"line":101,"column":15},"end":{"line":103,"column":2}},"47":{"start":{"line":102,"column":2},"end":{"line":102,"column":51}},"48":{"start":{"line":116,"column":14},"end":{"line":116,"column":20}},"49":{"start":{"line":106,"column":0},"end":{"line":109,"column":3}},"50":{"start":{"line":107,"column":2},"end":{"line":107,"column":45}},"51":{"start":{"line":108,"column":2},"end":{"line":108,"column":21}},"52":{"start":{"line":111,"column":0},"end":{"line":114,"column":3}},"53":{"start":{"line":112,"column":2},"end":{"line":112,"column":70}},"54":{"start":{"line":113,"column":2},"end":{"line":113,"column":21}}},"fnMap":{"0":{"name":"(anonymous_8)","decl":{"start":{"line":36,"column":13},"end":{"line":36,"column":14}},"loc":{"start":{"line":36,"column":33},"end":{"line":38,"column":7}}},"1":{"name":"(anonymous_9)","decl":{"start":{"line":44,"column":19},"end":{"line":44,"column":20}},"loc":{"start":{"line":44,"column":51},"end":{"line":49,"column":1}}},"2":{"name":"(anonymous_10)","decl":{"start":{"line":51,"column":13},"end":{"line":51,"column":14}},"loc":{"start":{"line":51,"column":26},"end":{"line":53,"column":1}}},"3":{"name":"(anonymous_11)","decl":{"start":{"line":62,"column":8},"end":{"line":62,"column":9}},"loc":{"start":{"line":62,"column":40},"end":{"line":64,"column":1}}},"4":{"name":"(anonymous_12)","decl":{"start":{"line":67,"column":8},"end":{"line":67,"column":9}},"loc":{"start":{"line":67,"column":72},"end":{"line":70,"column":1}}},"5":{"name":"gracefulShutdown","decl":{"start":{"line":76,"column":15},"end":{"line":76,"column":31}},"loc":{"start":{"line":76,"column":31},"end":{"line":97,"column":null}}},"6":{"name":"(anonymous_15)","decl":{"start":{"line":86,"column":19},"end":{"line":86,"column":22}},"loc":{"start":{"line":86,"column":24},"end":{"line":89,"column":7}}},"7":{"name":"(anonymous_16)","decl":{"start":{"line":101,"column":32},"end":{"line":101,"column":35}},"loc":{"start":{"line":101,"column":37},"end":{"line":103,"column":1}}},"8":{"name":"(anonymous_17)","decl":{"start":{"line":106,"column":32},"end":{"line":106,"column":33}},"loc":{"start":{"line":106,"column":49},"end":{"line":109,"column":1}}},"9":{"name":"(anonymous_18)","decl":{"start":{"line":111,"column":33},"end":{"line":111,"column":34}},"loc":{"start":{"line":111,"column":72},"end":{"line":114,"column":1}}}},"branchMap":{"0":{"loc":{"start":{"line":33,"column":0},"end":{"line":41,"column":1}},"type":"if","locations":[{"start":{"line":33,"column":0},"end":{"line":41,"column":1}}]},"1":{"loc":{"start":{"line":85,"column":4},"end":{"line":92,"column":5}},"type":"if","locations":[{"start":{"line":85,"column":4},"end":{"line":92,"column":5}},{"start":{"line":90,"column":11},"end":{"line":92,"column":5}}]},"2":{"loc":{"start":{"line":100,"column":13},"end":{"line":100,"column":37}},"type":"binary-expr","locations":[{"start":{"line":100,"column":13},"end":{"line":100,"column":29}},{"start":{"line":100,"column":33},"end":{"line":100,"column":37}}]}},"s":{"0":1,"1":1,"2":1,"3":1,"4":1,"5":1,"6":1,"7":1,"8":1,"9":1,"10":1,"11":1,"12":1,"13":1,"14":1,"15":1,"16":1,"17":1,"18":1,"19":0,"20":0,"21":1,"22":0,"23":1,"24":0,"25":1,"26":1,"27":1,"28":4,"29":1,"30":0,"31":0,"32":1,"33":1,"34":0,"35":0,"36":0,"37":0,"38":0,"39":0,"40":0,"41":0,"42":0,"43":0,"44":0,"45":1,"46":1,"47":1,"48":1,"49":1,"50":0,"51":0,"52":1,"53":0,"54":0},"f":{"0":0,"1":0,"2":0,"3":4,"4":0,"5":0,"6":0,"7":1,"8":0,"9":0},"b":{"0":[0],"1":[0,0],"2":[1,0]}}
,"C:\\Users\\Collins\\Desktop\\demo_wallet\\src\\swagger.ts": {"path":"C:\\Users\\Collins\\Desktop\\demo_wallet\\src\\swagger.ts","statementMap":{"0":{"start":{"line":1,"column":0},"end":{"line":1,"column":41}},"1":{"start":{"line":2,"column":0},"end":{"line":2,"column":43}},"2":{"start":{"line":5,"column":16},"end":{"line":30,"column":2}},"3":{"start":{"line":32,"column":14},"end":{"line":32,"column":35}},"4":{"start":{"line":34,"column":28},"end":{"line":36,"column":1}},"5":{"start":{"line":35,"column":2},"end":{"line":35,"column":64}},"6":{"start":{"line":34,"column":13},"end":{"line":34,"column":28}}},"fnMap":{"0":{"name":"(anonymous_1)","decl":{"start":{"line":34,"column":28},"end":{"line":34,"column":29}},"loc":{"start":{"line":34,"column":45},"end":{"line":36,"column":1}}}},"branchMap":{},"s":{"0":1,"1":1,"2":1,"3":1,"4":1,"5":1,"6":1},"f":{"0":1},"b":{}}
,"C:\\Users\\Collins\\Desktop\\demo_wallet\\src\\config\\database.ts": {"path":"C:\\Users\\Collins\\Desktop\\demo_wallet\\src\\config\\database.ts","statementMap":{"0":{"start":{"line":1,"column":0},"end":{"line":1,"column":24}},"1":{"start":{"line":2,"column":0},"end":{"line":2,"column":36}},"2":{"start":{"line":4,"column":13},"end":{"line":4,"column":31}}},"fnMap":{},"branchMap":{},"s":{"0":5,"1":5,"2":5},"f":{},"b":{}}
,"C:\\Users\\Collins\\Desktop\\demo_wallet\\src\\controllers\\userController.ts": {"path":"C:\\Users\\Collins\\Desktop\\demo_wallet\\src\\controllers\\userController.ts","statementMap":{"0":{"start":{"line":3,"column":0},"end":{"line":3,"column":64}},"1":{"start":{"line":5,"column":0},"end":{"line":5,"column":54}},"2":{"start":{"line":9,"column":4},"end":{"line":15,"column":5}},"3":{"start":{"line":10,"column":23},"end":{"line":10,"column":31}},"4":{"start":{"line":11,"column":19},"end":{"line":11,"column":57}},"5":{"start":{"line":12,"column":6},"end":{"line":12,"column":66}},"6":{"start":{"line":14,"column":6},"end":{"line":14,"column":30}},"7":{"start":{"line":19,"column":4},"end":{"line":25,"column":5}},"8":{"start":{"line":20,"column":34},"end":{"line":20,"column":42}},"9":{"start":{"line":21,"column":19},"end":{"line":21,"column":59}},"10":{"start":{"line":22,"column":6},"end":{"line":22,"column":57}},"11":{"start":{"line":24,"column":6},"end":{"line":24,"column":30}},"12":{"start":{"line":29,"column":4},"end":{"line":35,"column":5}},"13":{"start":{"line":30,"column":21},"end":{"line":30,"column":32}},"14":{"start":{"line":31,"column":19},"end":{"line":31,"column":56}},"15":{"start":{"line":32,"column":6},"end":{"line":32,"column":68}},"16":{"start":{"line":34,"column":6},"end":{"line":34,"column":30}},"17":{"start":{"line":40,"column":4},"end":{"line":47,"column":5}},"18":{"start":{"line":41,"column":21},"end":{"line":41,"column":32}},"19":{"start":{"line":42,"column":23},"end":{"line":42,"column":31}},"20":{"start":{"line":43,"column":19},"end":{"line":43,"column":65}},"21":{"start":{"line":44,"column":6},"end":{"line":44,"column":66}},"22":{"start":{"line":46,"column":6},"end":{"line":46,"column":30}},"23":{"start":{"line":51,"column":0},"end":{"line":51,"column":36}}},"fnMap":{"0":{"name":"(anonymous_7)","decl":{"start":{"line":8,"column":8},"end":{"line":8,"column":18}},"loc":{"start":{"line":8,"column":46},"end":{"line":16,"column":null}}},"1":{"name":"(anonymous_9)","decl":{"start":{"line":18,"column":8},"end":{"line":18,"column":13}},"loc":{"start":{"line":18,"column":41},"end":{"line":26,"column":null}}},"2":{"name":"(anonymous_11)","decl":{"start":{"line":28,"column":8},"end":{"line":28,"column":15}},"loc":{"start":{"line":28,"column":39},"end":{"line":36,"column":null}}},"3":{"name":"(anonymous_13)","decl":{"start":{"line":39,"column":8},"end":{"line":39,"column":18}},"loc":{"start":{"line":39,"column":42},"end":{"line":48,"column":null}}}},"branchMap":{},"s":{"0":2,"1":2,"2":2,"3":2,"4":2,"5":1,"6":1,"7":2,"8":2,"9":2,"10":1,"11":1,"12":2,"13":2,"14":2,"15":1,"16":1,"17":2,"18":2,"19":2,"20":2,"21":1,"22":1,"23":2},"f":{"0":2,"1":2,"2":2,"3":2},"b":{}}
,"C:\\Users\\Collins\\Desktop\\demo_wallet\\src\\controllers\\walletController.ts": {"path":"C:\\Users\\Collins\\Desktop\\demo_wallet\\src\\controllers\\walletController.ts","statementMap":{"0":{"start":{"line":3,"column":0},"end":{"line":3,"column":58}},"1":{"start":{"line":4,"column":0},"end":{"line":4,"column":37}},"2":{"start":{"line":5,"column":0},"end":{"line":5,"column":null}},"3":{"start":{"line":16,"column":2},"end":{"line":32,"column":4}},"4":{"start":{"line":16,"column":46},"end":{"line":32,"column":4}},"5":{"start":{"line":17,"column":4},"end":{"line":31,"column":5}},"6":{"start":{"line":18,"column":32},"end":{"line":18,"column":40}},"7":{"start":{"line":20,"column":21},"end":{"line":20,"column":68}},"8":{"start":{"line":22,"column":6},"end":{"line":22,"column":58}},"9":{"start":{"line":24,"column":6},"end":{"line":24,"column":52}},"10":{"start":{"line":26,"column":6},"end":{"line":28,"column":7}},"11":{"start":{"line":27,"column":8},"end":{"line":27,"column":38}},"12":{"start":{"line":30,"column":6},"end":{"line":30,"column":30}},"13":{"start":{"line":34,"column":2},"end":{"line":53,"column":4}},"14":{"start":{"line":34,"column":48},"end":{"line":53,"column":4}},"15":{"start":{"line":35,"column":4},"end":{"line":52,"column":5}},"16":{"start":{"line":36,"column":21},"end":{"line":36,"column":33}},"17":{"start":{"line":38,"column":6},"end":{"line":40,"column":7}},"18":{"start":{"line":39,"column":8},"end":{"line":39,"column":46}},"19":{"start":{"line":42,"column":21},"end":{"line":42,"column":66}},"20":{"start":{"line":44,"column":6},"end":{"line":46,"column":7}},"21":{"start":{"line":45,"column":8},"end":{"line":45,"column":42}},"22":{"start":{"line":48,"column":6},"end":{"line":48,"column":60}},"23":{"start":{"line":50,"column":6},"end":{"line":50,"column":52}},"24":{"start":{"line":51,"column":6},"end":{"line":51,"column":57}},"25":{"start":{"line":55,"column":2},"end":{"line":64,"column":4}},"26":{"start":{"line":55,"column":52},"end":{"line":64,"column":4}},"27":{"start":{"line":56,"column":4},"end":{"line":63,"column":5}},"28":{"start":{"line":57,"column":22},"end":{"line":57,"column":57}},"29":{"start":{"line":59,"column":6},"end":{"line":59,"column":62}},"30":{"start":{"line":61,"column":6},"end":{"line":61,"column":53}},"31":{"start":{"line":62,"column":6},"end":{"line":62,"column":50}},"32":{"start":{"line":66,"column":2},"end":{"line":95,"column":4}},"33":{"start":{"line":66,"column":49},"end":{"line":95,"column":4}},"34":{"start":{"line":67,"column":4},"end":{"line":94,"column":5}},"35":{"start":{"line":68,"column":25},"end":{"line":68,"column":33}},"36":{"start":{"line":69,"column":21},"end":{"line":69,"column":33}},"37":{"start":{"line":71,"column":6},"end":{"line":73,"column":7}},"38":{"start":{"line":72,"column":8},"end":{"line":72,"column":46}},"39":{"start":{"line":75,"column":21},"end":{"line":75,"column":66}},"40":{"start":{"line":77,"column":26},"end":{"line":77,"column":68}},"41":{"start":{"line":79,"column":6},"end":{"line":81,"column":9}},"42":{"start":{"line":83,"column":6},"end":{"line":83,"column":51}},"43":{"start":{"line":85,"column":6},"end":{"line":87,"column":7}},"44":{"start":{"line":86,"column":8},"end":{"line":86,"column":42}},"45":{"start":{"line":89,"column":6},"end":{"line":91,"column":7}},"46":{"start":{"line":90,"column":8},"end":{"line":90,"column":58}},"47":{"start":{"line":93,"column":6},"end":{"line":93,"column":48}},"48":{"start":{"line":97,"column":2},"end":{"line":135,"column":4}},"49":{"start":{"line":97,"column":47},"end":{"line":135,"column":4}},"50":{"start":{"line":98,"column":4},"end":{"line":134,"column":5}},"51":{"start":{"line":99,"column":38},"end":{"line":99,"column":46}},"52":{"start":{"line":100,"column":21},"end":{"line":100,"column":33}},"53":{"start":{"line":102,"column":6},"end":{"line":104,"column":7}},"54":{"start":{"line":103,"column":8},"end":{"line":103,"column":46}},"55":{"start":{"line":106,"column":37},"end":{"line":107,"column":null}},"56":{"start":{"line":110,"column":39},"end":{"line":111,"column":null}},"57":{"start":{"line":113,"column":6},"end":{"line":113,"column":36}},"58":{"start":{"line":115,"column":26},"end":{"line":118,"column":null}},"59":{"start":{"line":121,"column":6},"end":{"line":121,"column":67}},"60":{"start":{"line":123,"column":6},"end":{"line":123,"column":55}},"61":{"start":{"line":125,"column":6},"end":{"line":127,"column":7}},"62":{"start":{"line":126,"column":8},"end":{"line":126,"column":59}},"63":{"start":{"line":129,"column":6},"end":{"line":131,"column":7}},"64":{"start":{"line":130,"column":8},"end":{"line":130,"column":51}},"65":{"start":{"line":133,"column":6},"end":{"line":133,"column":53}},"66":{"start":{"line":137,"column":2},"end":{"line":165,"column":4}},"67":{"start":{"line":137,"column":47},"end":{"line":165,"column":4}},"68":{"start":{"line":138,"column":4},"end":{"line":164,"column":5}},"69":{"start":{"line":139,"column":25},"end":{"line":139,"column":33}},"70":{"start":{"line":140,"column":21},"end":{"line":140,"column":33}},"71":{"start":{"line":142,"column":6},"end":{"line":144,"column":7}},"72":{"start":{"line":143,"column":8},"end":{"line":143,"column":46}},"73":{"start":{"line":146,"column":31},"end":{"line":146,"column":76}},"74":{"start":{"line":148,"column":26},"end":{"line":148,"column":72}},"75":{"start":{"line":150,"column":6},"end":{"line":155,"column":8}},"76":{"start":{"line":157,"column":6},"end":{"line":157,"column":58}},"77":{"start":{"line":159,"column":6},"end":{"line":161,"column":7}},"78":{"start":{"line":160,"column":8},"end":{"line":160,"column":61}},"79":{"start":{"line":163,"column":6},"end":{"line":163,"column":55}},"80":{"start":{"line":167,"column":2},"end":{"line":186,"column":4}},"81":{"start":{"line":167,"column":54},"end":{"line":186,"column":4}},"82":{"start":{"line":168,"column":4},"end":{"line":185,"column":5}},"83":{"start":{"line":169,"column":36},"end":{"line":169,"column":45}},"84":{"start":{"line":170,"column":21},"end":{"line":170,"column":33}},"85":{"start":{"line":173,"column":31},"end":{"line":173,"column":76}},"86":{"start":{"line":175,"column":27},"end":{"line":179,"column":8}},"87":{"start":{"line":181,"column":6},"end":{"line":181,"column":84}},"88":{"start":{"line":183,"column":6},"end":{"line":183,"column":58}},"89":{"start":{"line":184,"column":6},"end":{"line":184,"column":55}},"90":{"start":{"line":188,"column":2},"end":{"line":201,"column":4}},"91":{"start":{"line":188,"column":49},"end":{"line":201,"column":4}},"92":{"start":{"line":189,"column":4},"end":{"line":200,"column":5}},"93":{"start":{"line":190,"column":21},"end":{"line":190,"column":33}},"94":{"start":{"line":192,"column":31},"end":{"line":192,"column":76}},"95":{"start":{"line":194,"column":22},"end":{"line":194,"column":62}},"96":{"start":{"line":196,"column":6},"end":{"line":196,"column":78}},"97":{"start":{"line":198,"column":6},"end":{"line":198,"column":53}},"98":{"start":{"line":199,"column":6},"end":{"line":199,"column":57}},"99":{"start":{"line":15,"column":0},"end":{"line":15,"column":13}},"100":{"start":{"line":206,"column":13},"end":{"line":206,"column":55}}},"fnMap":{"0":{"name":"(anonymous_8)","decl":{"start":{"line":15,"column":0},"end":{"line":15,"column":13}},"loc":{"start":{"line":15,"column":0},"end":{"line":204,"column":1}}},"1":{"name":"(anonymous_9)","decl":{"start":{"line":16,"column":17},"end":{"line":16,"column":24}},"loc":{"start":{"line":16,"column":46},"end":{"line":32,"column":4}}},"2":{"name":"(anonymous_10)","decl":{"start":{"line":16,"column":46},"end":{"line":16,"column":null}},"loc":{"start":{"line":16,"column":46},"end":{"line":32,"column":3}}},"3":{"name":"(anonymous_11)","decl":{"start":{"line":34,"column":14},"end":{"line":34,"column":21}},"loc":{"start":{"line":34,"column":48},"end":{"line":53,"column":4}}},"4":{"name":"(anonymous_12)","decl":{"start":{"line":34,"column":48},"end":{"line":34,"column":null}},"loc":{"start":{"line":34,"column":48},"end":{"line":53,"column":3}}},"5":{"name":"(anonymous_13)","decl":{"start":{"line":55,"column":18},"end":{"line":55,"column":25}},"loc":{"start":{"line":55,"column":52},"end":{"line":64,"column":4}}},"6":{"name":"(anonymous_14)","decl":{"start":{"line":55,"column":52},"end":{"line":55,"column":null}},"loc":{"start":{"line":55,"column":52},"end":{"line":64,"column":3}}},"7":{"name":"(anonymous_15)","decl":{"start":{"line":66,"column":15},"end":{"line":66,"column":22}},"loc":{"start":{"line":66,"column":49},"end":{"line":95,"column":4}}},"8":{"name":"(anonymous_16)","decl":{"start":{"line":66,"column":49},"end":{"line":66,"column":null}},"loc":{"start":{"line":66,"column":49},"end":{"line":95,"column":3}}},"9":{"name":"(anonymous_17)","decl":{"start":{"line":97,"column":13},"end":{"line":97,"column":20}},"loc":{"start":{"line":97,"column":47},"end":{"line":135,"column":4}}},"10":{"name":"(anonymous_18)","decl":{"start":{"line":97,"column":47},"end":{"line":97,"column":null}},"loc":{"start":{"line":97,"column":47},"end":{"line":135,"column":3}}},"11":{"name":"(anonymous_19)","decl":{"start":{"line":137,"column":13},"end":{"line":137,"column":20}},"loc":{"start":{"line":137,"column":47},"end":{"line":165,"column":4}}},"12":{"name":"(anonymous_20)","decl":{"start":{"line":137,"column":47},"end":{"line":137,"column":null}},"loc":{"start":{"line":137,"column":47},"end":{"line":165,"column":3}}},"13":{"name":"(anonymous_21)","decl":{"start":{"line":167,"column":20},"end":{"line":167,"column":27}},"loc":{"start":{"line":167,"column":54},"end":{"line":186,"column":4}}},"14":{"name":"(anonymous_22)","decl":{"start":{"line":167,"column":54},"end":{"line":167,"column":null}},"loc":{"start":{"line":167,"column":54},"end":{"line":186,"column":3}}},"15":{"name":"(anonymous_23)","decl":{"start":{"line":188,"column":15},"end":{"line":188,"column":22}},"loc":{"start":{"line":188,"column":49},"end":{"line":201,"column":4}}},"16":{"name":"(anonymous_24)","decl":{"start":{"line":188,"column":49},"end":{"line":188,"column":null}},"loc":{"start":{"line":188,"column":49},"end":{"line":201,"column":3}}}},"branchMap":{"0":{"loc":{"start":{"line":26,"column":6},"end":{"line":28,"column":7}},"type":"if","locations":[{"start":{"line":26,"column":6},"end":{"line":28,"column":7}}]},"1":{"loc":{"start":{"line":36,"column":21},"end":{"line":36,"column":33}},"type":"cond-expr","locations":[{"start":{"line":36,"column":29},"end":{"line":36,"column":31}},{"start":{"line":36,"column":29},"end":{"line":36,"column":33}}]},"2":{"loc":{"start":{"line":36,"column":21},"end":{"line":36,"column":31}},"type":"binary-expr","locations":[{"start":{"line":36,"column":21},"end":{"line":36,"column":31}},{"start":{"line":36,"column":29},"end":{"line":36,"column":31}}]},"3":{"loc":{"start":{"line":38,"column":6},"end":{"line":40,"column":7}},"type":"if","locations":[{"start":{"line":38,"column":6},"end":{"line":40,"column":7}}]},"4":{"loc":{"start":{"line":44,"column":6},"end":{"line":46,"column":7}},"type":"if","locations":[{"start":{"line":44,"column":6},"end":{"line":46,"column":7}}]},"5":{"loc":{"start":{"line":69,"column":21},"end":{"line":69,"column":33}},"type":"cond-expr","locations":[{"start":{"line":69,"column":29},"end":{"line":69,"column":31}},{"start":{"line":69,"column":29},"end":{"line":69,"column":33}}]},"6":{"loc":{"start":{"line":69,"column":21},"end":{"line":69,"column":31}},"type":"binary-expr","locations":[{"start":{"line":69,"column":21},"end":{"line":69,"column":31}},{"start":{"line":69,"column":29},"end":{"line":69,"column":31}}]},"7":{"loc":{"start":{"line":71,"column":6},"end":{"line":73,"column":7}},"type":"if","locations":[{"start":{"line":71,"column":6},"end":{"line":73,"column":7}}]},"8":{"loc":{"start":{"line":85,"column":6},"end":{"line":87,"column":7}},"type":"if","locations":[{"start":{"line":85,"column":6},"end":{"line":87,"column":7}}]},"9":{"loc":{"start":{"line":89,"column":6},"end":{"line":91,"column":7}},"type":"if","locations":[{"start":{"line":89,"column":6},"end":{"line":91,"column":7}}]},"10":{"loc":{"start":{"line":100,"column":21},"end":{"line":100,"column":33}},"type":"cond-expr","locations":[{"start":{"line":100,"column":29},"end":{"line":100,"column":31}},{"start":{"line":100,"column":29},"end":{"line":100,"column":33}}]},"11":{"loc":{"start":{"line":100,"column":21},"end":{"line":100,"column":31}},"type":"binary-expr","locations":[{"start":{"line":100,"column":21},"end":{"line":100,"column":31}},{"start":{"line":100,"column":29},"end":{"line":100,"column":31}}]},"12":{"loc":{"start":{"line":102,"column":6},"end":{"line":104,"column":7}},"type":"if","locations":[{"start":{"line":102,"column":6},"end":{"line":104,"column":7}}]},"13":{"loc":{"start":{"line":125,"column":6},"end":{"line":127,"column":7}},"type":"if","locations":[{"start":{"line":125,"column":6},"end":{"line":127,"column":7}}]},"14":{"loc":{"start":{"line":129,"column":6},"end":{"line":131,"column":7}},"type":"if","locations":[{"start":{"line":129,"column":6},"end":{"line":131,"column":7}}]},"15":{"loc":{"start":{"line":140,"column":21},"end":{"line":140,"column":33}},"type":"cond-expr","locations":[{"start":{"line":140,"column":29},"end":{"line":140,"column":31}},{"start":{"line":140,"column":29},"end":{"line":140,"column":33}}]},"16":{"loc":{"start":{"line":140,"column":21},"end":{"line":140,"column":31}},"type":"binary-expr","locations":[{"start":{"line":140,"column":21},"end":{"line":140,"column":31}},{"start":{"line":140,"column":29},"end":{"line":140,"column":31}}]},"17":{"loc":{"start":{"line":142,"column":6},"end":{"line":144,"column":7}},"type":"if","locations":[{"start":{"line":142,"column":6},"end":{"line":144,"column":7}}]},"18":{"loc":{"start":{"line":159,"column":6},"end":{"line":161,"column":7}},"type":"if","locations":[{"start":{"line":159,"column":6},"end":{"line":161,"column":7}}]},"19":{"loc":{"start":{"line":170,"column":21},"end":{"line":170,"column":33}},"type":"cond-expr","locations":[{"start":{"line":170,"column":29},"end":{"line":170,"column":31}},{"start":{"line":170,"column":29},"end":{"line":170,"column":33}}]},"20":{"loc":{"start":{"line":170,"column":21},"end":{"line":170,"column":31}},"type":"binary-expr","locations":[{"start":{"line":170,"column":21},"end":{"line":170,"column":31}},{"start":{"line":170,"column":29},"end":{"line":170,"column":31}}]},"21":{"loc":{"start":{"line":190,"column":21},"end":{"line":190,"column":33}},"type":"cond-expr","locations":[{"start":{"line":190,"column":29},"end":{"line":190,"column":31}},{"start":{"line":190,"column":29},"end":{"line":190,"column":33}}]},"22":{"loc":{"start":{"line":190,"column":21},"end":{"line":190,"column":31}},"type":"binary-expr","locations":[{"start":{"line":190,"column":21},"end":{"line":190,"column":31}},{"start":{"line":190,"column":29},"end":{"line":190,"column":31}}]}},"s":{"0":2,"1":2,"2":2,"3":8,"4":2,"5":2,"6":2,"7":2,"8":1,"9":1,"10":1,"11":0,"12":1,"13":8,"14":2,"15":2,"16":2,"17":2,"18":0,"19":2,"20":1,"21":0,"22":1,"23":1,"24":1,"25":8,"26":0,"27":0,"28":0,"29":0,"30":0,"31":0,"32":8,"33":2,"34":2,"35":2,"36":2,"37":2,"38":0,"39":2,"40":0,"41":0,"42":2,"43":2,"44":0,"45":2,"46":0,"47":2,"48":8,"49":0,"50":0,"51":0,"52":0,"53":0,"54":0,"55":0,"56":0,"57":0,"58":0,"59":0,"60":0,"61":0,"62":0,"63":0,"64":0,"65":0,"66":8,"67":3,"68":3,"69":3,"70":3,"71":3,"72":0,"73":3,"74":0,"75":0,"76":0,"77":0,"78":0,"79":0,"80":8,"81":0,"82":0,"83":0,"84":0,"85":0,"86":0,"87":0,"88":0,"89":0,"90":8,"91":0,"92":0,"93":0,"94":0,"95":0,"96":0,"97":0,"98":0,"99":2,"100":2},"f":{"0":8,"1":2,"2":2,"3":2,"4":2,"5":0,"6":0,"7":2,"8":2,"9":0,"10":0,"11":3,"12":3,"13":0,"14":0,"15":0,"16":0},"b":{"0":[0],"1":[0,2],"2":[2,2],"3":[0],"4":[0],"5":[0,2],"6":[2,2],"7":[0],"8":[0],"9":[0],"10":[0,0],"11":[0,0],"12":[0],"13":[0],"14":[0],"15":[0,3],"16":[3,3],"17":[0],"18":[0],"19":[0,0],"20":[0,0],"21":[0,0],"22":[0,0]}}
,"C:\\Users\\Collins\\Desktop\\demo_wallet\\src\\middlewares\\auth.ts": {"path":"C:\\Users\\Collins\\Desktop\\demo_wallet\\src\\middlewares\\auth.ts","statementMap":{"0":{"start":{"line":2,"column":0},"end":{"line":2,"column":31}},"1":{"start":{"line":4,"column":33},"end":{"line":18,"column":1}},"2":{"start":{"line":5,"column":16},"end":{"line":5,"column":58}},"3":{"start":{"line":7,"column":2},"end":{"line":9,"column":3}},"4":{"start":{"line":8,"column":4},"end":{"line":8,"column":78}},"5":{"start":{"line":11,"column":2},"end":{"line":17,"column":3}},"6":{"start":{"line":12,"column":20},"end":{"line":12,"column":62}},"7":{"start":{"line":13,"column":4},"end":{"line":13,"column":70}},"8":{"start":{"line":14,"column":4},"end":{"line":14,"column":11}},"9":{"start":{"line":16,"column":4},"end":{"line":16,"column":62}},"10":{"start":{"line":4,"column":13},"end":{"line":4,"column":33}},"11":{"start":{"line":21,"column":30},"end":{"line":26,"column":1}},"12":{"start":{"line":22,"column":2},"end":{"line":24,"column":3}},"13":{"start":{"line":23,"column":4},"end":{"line":23,"column":62}},"14":{"start":{"line":25,"column":2},"end":{"line":25,"column":9}},"15":{"start":{"line":21,"column":13},"end":{"line":21,"column":30}}},"fnMap":{"0":{"name":"(anonymous_1)","decl":{"start":{"line":4,"column":33},"end":{"line":4,"column":34}},"loc":{"start":{"line":4,"column":76},"end":{"line":18,"column":1}}},"1":{"name":"(anonymous_2)","decl":{"start":{"line":21,"column":30},"end":{"line":21,"column":31}},"loc":{"start":{"line":21,"column":73},"end":{"line":26,"column":1}}}},"branchMap":{"0":{"loc":{"start":{"line":5,"column":16},"end":{"line":5,"column":58}},"type":"cond-expr","locations":[{"start":{"line":5,"column":43},"end":{"line":5,"column":45}},{"start":{"line":5,"column":43},"end":{"line":5,"column":58}}]},"1":{"loc":{"start":{"line":5,"column":16},"end":{"line":5,"column":45}},"type":"binary-expr","locations":[{"start":{"line":5,"column":16},"end":{"line":5,"column":45}},{"start":{"line":5,"column":43},"end":{"line":5,"column":45}}]},"2":{"loc":{"start":{"line":7,"column":2},"end":{"line":9,"column":3}},"type":"if","locations":[{"start":{"line":7,"column":2},"end":{"line":9,"column":3}}]},"3":{"loc":{"start":{"line":22,"column":2},"end":{"line":24,"column":3}},"type":"if","locations":[{"start":{"line":22,"column":2},"end":{"line":24,"column":3}}]}},"s":{"0":2,"1":2,"2":10,"3":10,"4":1,"5":9,"6":9,"7":7,"8":7,"9":2,"10":2,"11":2,"12":2,"13":1,"14":1,"15":2},"f":{"0":10,"1":2},"b":{"0":[1,9],"1":[10,10],"2":[1],"3":[1]}}
,"C:\\Users\\Collins\\Desktop\\demo_wallet\\src\\middlewares\\validator\\userValidator.ts": {"path":"C:\\Users\\Collins\\Desktop\\demo_wallet\\src\\middlewares\\validator\\userValidator.ts","statementMap":{"0":{"start":{"line":2,"column":0},"end":{"line":2,"column":22}},"1":{"start":{"line":9,"column":4},"end":{"line":9,"column":19}},"2":{"start":{"line":10,"column":4},"end":{"line":10,"column":26}},"3":{"start":{"line":11,"column":4},"end":{"line":11,"column":34}},"4":{"start":{"line":16,"column":25},"end":{"line":59,"column":2}},"5":{"start":{"line":61,"column":34},"end":{"line":94,"column":2}},"6":{"start":{"line":65,"column":19},"end":{"line":94,"column":2}},"7":{"start":{"line":66,"column":2},"end":{"line":93,"column":3}},"8":{"start":{"line":67,"column":26},"end":{"line":70,"column":6}},"9":{"start":{"line":73,"column":4},"end":{"line":73,"column":29}},"10":{"start":{"line":74,"column":4},"end":{"line":74,"column":18}},"11":{"start":{"line":76,"column":4},"end":{"line":89,"column":5}},"12":{"start":{"line":78,"column":27},"end":{"line":81,"column":9}},"13":{"start":{"line":78,"column":58},"end":{"line":81,"column":8}},"14":{"start":{"line":84,"column":8},"end":{"line":85,"column":77}},"15":{"start":{"line":85,"column":34},"end":{"line":85,"column":65}},"16":{"start":{"line":87,"column":30},"end":{"line":87,"column":63}},"17":{"start":{"line":88,"column":6},"end":{"line":88,"column":35}},"18":{"start":{"line":92,"column":4},"end":{"line":92,"column":23}},"19":{"start":{"line":61,"column":13},"end":{"line":61,"column":34}}},"fnMap":{"0":{"name":"(anonymous_8)","decl":{"start":{"line":8,"column":2},"end":{"line":8,"column":14}},"loc":{"start":{"line":8,"column":29},"end":{"line":12,"column":3}}},"1":{"name":"(anonymous_9)","decl":{"start":{"line":61,"column":34},"end":{"line":61,"column":null}},"loc":{"start":{"line":65,"column":19},"end":{"line":94,"column":2}}},"2":{"name":"(anonymous_10)","decl":{"start":{"line":65,"column":19},"end":{"line":65,"column":null}},"loc":{"start":{"line":65,"column":19},"end":{"line":94,"column":1}}},"3":{"name":"(anonymous_11)","decl":{"start":{"line":78,"column":45},"end":{"line":78,"column":46}},"loc":{"start":{"line":78,"column":58},"end":{"line":81,"column":8}}},"4":{"name":"(anonymous_12)","decl":{"start":{"line":85,"column":25},"end":{"line":85,"column":26}},"loc":{"start":{"line":85,"column":34},"end":{"line":85,"column":65}}}},"branchMap":{"0":{"loc":{"start":{"line":76,"column":4},"end":{"line":89,"column":5}},"type":"if","locations":[{"start":{"line":76,"column":4},"end":{"line":89,"column":5}}]}},"s":{"0":1,"1":0,"2":0,"3":0,"4":1,"5":1,"6":0,"7":0,"8":0,"9":0,"10":0,"11":0,"12":0,"13":0,"14":0,"15":0,"16":0,"17":0,"18":0,"19":1},"f":{"0":0,"1":0,"2":0,"3":0,"4":0},"b":{"0":[0]}}
,"C:\\Users\\Collins\\Desktop\\demo_wallet\\src\\middlewares\\validator\\walletValidator.ts": {"path":"C:\\Users\\Collins\\Desktop\\demo_wallet\\src\\middlewares\\validator\\walletValidator.ts","statementMap":{"0":{"start":{"line":2,"column":0},"end":{"line":2,"column":22}},"1":{"start":{"line":3,"column":0},"end":{"line":3,"column":50}},"2":{"start":{"line":5,"column":27},"end":{"line":7,"column":2}},"3":{"start":{"line":9,"column":25},"end":{"line":11,"column":2}},"4":{"start":{"line":13,"column":23},"end":{"line":17,"column":2}},"5":{"start":{"line":19,"column":25},"end":{"line":21,"column":2}},"6":{"start":{"line":23,"column":36},"end":{"line":33,"column":1}},"7":{"start":{"line":28,"column":20},"end":{"line":28,"column":57}},"8":{"start":{"line":29,"column":2},"end":{"line":31,"column":3}},"9":{"start":{"line":30,"column":4},"end":{"line":30,"column":78}},"10":{"start":{"line":30,"column":50},"end":{"line":30,"column":64}},"11":{"start":{"line":32,"column":2},"end":{"line":32,"column":9}},"12":{"start":{"line":23,"column":13},"end":{"line":23,"column":36}},"13":{"start":{"line":35,"column":34},"end":{"line":45,"column":1}},"14":{"start":{"line":40,"column":20},"end":{"line":40,"column":55}},"15":{"start":{"line":41,"column":2},"end":{"line":43,"column":3}},"16":{"start":{"line":42,"column":4},"end":{"line":42,"column":78}},"17":{"start":{"line":42,"column":50},"end":{"line":42,"column":64}},"18":{"start":{"line":44,"column":2},"end":{"line":44,"column":9}},"19":{"start":{"line":35,"column":13},"end":{"line":35,"column":34}},"20":{"start":{"line":47,"column":32},"end":{"line":57,"column":1}},"21":{"start":{"line":52,"column":20},"end":{"line":52,"column":53}},"22":{"start":{"line":53,"column":2},"end":{"line":55,"column":3}},"23":{"start":{"line":54,"column":4},"end":{"line":54,"column":78}},"24":{"start":{"line":54,"column":50},"end":{"line":54,"column":64}},"25":{"start":{"line":56,"column":2},"end":{"line":56,"column":9}},"26":{"start":{"line":47,"column":13},"end":{"line":47,"column":32}},"27":{"start":{"line":59,"column":34},"end":{"line":69,"column":1}},"28":{"start":{"line":64,"column":20},"end":{"line":64,"column":55}},"29":{"start":{"line":65,"column":2},"end":{"line":67,"column":3}},"30":{"start":{"line":66,"column":4},"end":{"line":66,"column":78}},"31":{"start":{"line":66,"column":50},"end":{"line":66,"column":64}},"32":{"start":{"line":68,"column":2},"end":{"line":68,"column":9}},"33":{"start":{"line":59,"column":13},"end":{"line":59,"column":34}}},"fnMap":{"0":{"name":"(anonymous_1)","decl":{"start":{"line":23,"column":36},"end":{"line":23,"column":null}},"loc":{"start":{"line":27,"column":4},"end":{"line":33,"column":1}}},"1":{"name":"(anonymous_2)","decl":{"start":{"line":30,"column":38},"end":{"line":30,"column":39}},"loc":{"start":{"line":30,"column":50},"end":{"line":30,"column":64}}},"2":{"name":"(anonymous_3)","decl":{"start":{"line":35,"column":34},"end":{"line":35,"column":null}},"loc":{"start":{"line":39,"column":4},"end":{"line":45,"column":1}}},"3":{"name":"(anonymous_4)","decl":{"start":{"line":42,"column":38},"end":{"line":42,"column":39}},"loc":{"start":{"line":42,"column":50},"end":{"line":42,"column":64}}},"4":{"name":"(anonymous_5)","decl":{"start":{"line":47,"column":32},"end":{"line":47,"column":null}},"loc":{"start":{"line":51,"column":4},"end":{"line":57,"column":1}}},"5":{"name":"(anonymous_6)","decl":{"start":{"line":54,"column":38},"end":{"line":54,"column":39}},"loc":{"start":{"line":54,"column":50},"end":{"line":54,"column":64}}},"6":{"name":"(anonymous_7)","decl":{"start":{"line":59,"column":34},"end":{"line":59,"column":null}},"loc":{"start":{"line":63,"column":4},"end":{"line":69,"column":1}}},"7":{"name":"(anonymous_8)","decl":{"start":{"line":66,"column":38},"end":{"line":66,"column":39}},"loc":{"start":{"line":66,"column":50},"end":{"line":66,"column":64}}}},"branchMap":{"0":{"loc":{"start":{"line":29,"column":2},"end":{"line":31,"column":3}},"type":"if","locations":[{"start":{"line":29,"column":2},"end":{"line":31,"column":3}}]},"1":{"loc":{"start":{"line":41,"column":2},"end":{"line":43,"column":3}},"type":"if","locations":[{"start":{"line":41,"column":2},"end":{"line":43,"column":3}}]},"2":{"loc":{"start":{"line":53,"column":2},"end":{"line":55,"column":3}},"type":"if","locations":[{"start":{"line":53,"column":2},"end":{"line":55,"column":3}}]},"3":{"loc":{"start":{"line":65,"column":2},"end":{"line":67,"column":3}},"type":"if","locations":[{"start":{"line":65,"column":2},"end":{"line":67,"column":3}}]}},"s":{"0":1,"1":1,"2":1,"3":1,"4":1,"5":1,"6":1,"7":0,"8":0,"9":0,"10":0,"11":0,"12":1,"13":1,"14":0,"15":0,"16":0,"17":0,"18":0,"19":1,"20":1,"21":0,"22":0,"23":0,"24":0,"25":0,"26":1,"27":1,"28":3,"29":3,"30":3,"31":3,"32":3,"33":1},"f":{"0":0,"1":0,"2":0,"3":0,"4":0,"5":0,"6":3,"7":3},"b":{"0":[0],"1":[0],"2":[0],"3":[3]}}
,"C:\\Users\\Collins\\Desktop\\demo_wallet\\src\\models\\Transaction.ts": {"path":"C:\\Users\\Collins\\Desktop\\demo_wallet\\src\\models\\Transaction.ts","statementMap":{"0":{"start":{"line":1,"column":0},"end":{"line":1,"column":null}},"1":{"start":{"line":2,"column":4},"end":{"line":2,"column":null}},"2":{"start":{"line":3,"column":4},"end":{"line":3,"column":null}},"3":{"start":{"line":4,"column":4},"end":{"line":4,"column":null}},"4":{"start":{"line":7,"column":2},"end":{"line":7,"column":null}},"5":{"start":{"line":8,"column":4},"end":{"line":8,"column":null}},"6":{"start":{"line":9,"column":4},"end":{"line":9,"column":null}},"7":{"start":{"line":10,"column":4},"end":{"line":10,"column":null}}},"fnMap":{"0":{"name":"(anonymous_0)","decl":{"start":{"line":1,"column":0},"end":{"line":1,"column":12}},"loc":{"start":{"line":1,"column":27},"end":{"line":5,"column":3}}},"1":{"name":"(anonymous_1)","decl":{"start":{"line":7,"column":2},"end":{"line":7,"column":14}},"loc":{"start":{"line":7,"column":31},"end":{"line":11,"column":3}}}},"branchMap":{"0":{"loc":{"start":{"line":1,"column":12},"end":{"line":1,"column":null}},"type":"binary-expr","locations":[{"start":{"line":1,"column":12},"end":{"line":1,"column":27}},{"start":{"line":1,"column":27},"end":{"line":1,"column":null}}]},"1":{"loc":{"start":{"line":7,"column":14},"end":{"line":7,"column":null}},"type":"binary-expr","locations":[{"start":{"line":7,"column":14},"end":{"line":7,"column":31}},{"start":{"line":7,"column":31},"end":{"line":7,"column":null}}]}},"s":{"0":5,"1":5,"2":5,"3":5,"4":5,"5":5,"6":5,"7":5},"f":{"0":5,"1":5},"b":{"0":[5,5],"1":[5,5]}}
,"C:\\Users\\Collins\\Desktop\\demo_wallet\\src\\models\\Wallet.ts": {"path":"C:\\Users\\Collins\\Desktop\\demo_wallet\\src\\models\\Wallet.ts","statementMap":{"0":{"start":{"line":1,"column":0},"end":{"line":1,"column":null}},"1":{"start":{"line":2,"column":2},"end":{"line":2,"column":null}},"2":{"start":{"line":3,"column":2},"end":{"line":3,"column":null}},"3":{"start":{"line":4,"column":2},"end":{"line":4,"column":null}}},"fnMap":{"0":{"name":"(anonymous_0)","decl":{"start":{"line":1,"column":0},"end":{"line":1,"column":12}},"loc":{"start":{"line":1,"column":24},"end":{"line":5,"column":1}}}},"branchMap":{"0":{"loc":{"start":{"line":1,"column":12},"end":{"line":1,"column":null}},"type":"binary-expr","locations":[{"start":{"line":1,"column":12},"end":{"line":1,"column":24}},{"start":{"line":1,"column":24},"end":{"line":1,"column":null}}]}},"s":{"0":5,"1":5,"2":5,"3":5},"f":{"0":5},"b":{"0":[5,5]}}
,"C:\\Users\\Collins\\Desktop\\demo_wallet\\src\\routes\\index.ts": {"path":"C:\\Users\\Collins\\Desktop\\demo_wallet\\src\\routes\\index.ts","statementMap":{"0":{"start":{"line":3,"column":0},"end":{"line":3,"column":30}},"1":{"start":{"line":4,"column":0},"end":{"line":4,"column":38}},"2":{"start":{"line":5,"column":0},"end":{"line":5,"column":42}},"3":{"start":{"line":7,"column":15},"end":{"line":7,"column":31}},"4":{"start":{"line":9,"column":0},"end":{"line":9,"column":32}},"5":{"start":{"line":10,"column":0},"end":{"line":10,"column":37}},"6":{"start":{"line":12,"column":0},"end":{"line":12,"column":22}}},"fnMap":{},"branchMap":{},"s":{"0":1,"1":1,"2":1,"3":1,"4":1,"5":1,"6":1},"f":{},"b":{}}
,"C:\\Users\\Collins\\Desktop\\demo_wallet\\src\\routes\\userRoutes.ts": {"path":"C:\\Users\\Collins\\Desktop\\demo_wallet\\src\\routes\\userRoutes.ts","statementMap":{"0":{"start":{"line":1,"column":0},"end":{"line":1,"column":30}},"1":{"start":{"line":2,"column":0},"end":{"line":2,"column":56}},"2":{"start":{"line":3,"column":0},"end":{"line":3,"column":76}},"3":{"start":{"line":4,"column":0},"end":{"line":4,"column":59}},"4":{"start":{"line":6,"column":15},"end":{"line":6,"column":31}},"5":{"start":{"line":44,"column":0},"end":{"line":44,"column":72}},"6":{"start":{"line":69,"column":0},"end":{"line":69,"column":44}},"7":{"start":{"line":102,"column":0},"end":{"line":102,"column":61}},"8":{"start":{"line":107,"column":0},"end":{"line":107,"column":22}}},"fnMap":{},"branchMap":{},"s":{"0":1,"1":1,"2":1,"3":1,"4":1,"5":1,"6":1,"7":1,"8":1},"f":{},"b":{}}
,"C:\\Users\\Collins\\Desktop\\demo_wallet\\src\\routes\\walletRoutes.ts": {"path":"C:\\Users\\Collins\\Desktop\\demo_wallet\\src\\routes\\walletRoutes.ts","statementMap":{"0":{"start":{"line":2,"column":0},"end":{"line":2,"column":30}},"1":{"start":{"line":3,"column":0},"end":{"line":3,"column":72}},"2":{"start":{"line":4,"column":0},"end":{"line":4,"column":null}},"3":{"start":{"line":9,"column":0},"end":{"line":9,"column":67}},"4":{"start":{"line":11,"column":15},"end":{"line":11,"column":31}},"5":{"start":{"line":13,"column":0},"end":{"line":13,"column":30}},"6":{"start":{"line":41,"column":0},"end":{"line":41,"column":70}},"7":{"start":{"line":57,"column":0},"end":{"line":57,"column":44}},"8":{"start":{"line":88,"column":0},"end":{"line":88,"column":70}},"9":{"start":{"line":118,"column":0},"end":{"line":118,"column":72}},"10":{"start":{"line":150,"column":0},"end":{"line":150,"column":62}},"11":{"start":{"line":166,"column":0},"end":{"line":166,"column":52}},"12":{"start":{"line":184,"column":0},"end":{"line":184,"column":67}},"13":{"start":{"line":187,"column":0},"end":{"line":187,"column":22}}},"fnMap":{},"branchMap":{},"s":{"0":1,"1":1,"2":1,"3":1,"4":1,"5":1,"6":1,"7":1,"8":1,"9":1,"10":1,"11":1,"12":1,"13":1},"f":{},"b":{}}
,"C:\\Users\\Collins\\Desktop\\demo_wallet\\src\\services\\adjutorService.ts": {"path":"C:\\Users\\Collins\\Desktop\\demo_wallet\\src\\services\\adjutorService.ts","statementMap":{"0":{"start":{"line":1,"column":0},"end":{"line":1,"column":26}},"1":{"start":{"line":2,"column":0},"end":{"line":2,"column":37}},"2":{"start":{"line":10,"column":4},"end":{"line":10,"column":48}},"3":{"start":{"line":11,"column":4},"end":{"line":11,"column":47}},"4":{"start":{"line":15,"column":4},"end":{"line":17,"column":5}},"5":{"start":{"line":16,"column":6},"end":{"line":16,"column":53}},"6":{"start":{"line":18,"column":4},"end":{"line":18,"column":35}},"7":{"start":{"line":22,"column":4},"end":{"line":52,"column":5}},"8":{"start":{"line":23,"column":6},"end":{"line":25,"column":7}},"9":{"start":{"line":24,"column":8},"end":{"line":24,"column":71}},"10":{"start":{"line":29,"column":23},"end":{"line":33,"column":null}},"11":{"start":{"line":36,"column":6},"end":{"line":38,"column":7}},"12":{"start":{"line":37,"column":8},"end":{"line":37,"column":20}},"13":{"start":{"line":40,"column":6},"end":{"line":40,"column":19}},"14":{"start":{"line":42,"column":6},"end":{"line":49,"column":7}},"15":{"start":{"line":48,"column":8},"end":{"line":48,"column":21}},"16":{"start":{"line":50,"column":6},"end":{"line":50,"column":61}},"17":{"start":{"line":51,"column":6},"end":{"line":51,"column":57}},"18":{"start":{"line":4,"column":0},"end":{"line":4,"column":13}}},"fnMap":{"0":{"name":"(anonymous_8)","decl":{"start":{"line":9,"column":2},"end":{"line":9,"column":null}},"loc":{"start":{"line":9,"column":2},"end":{"line":12,"column":3}}},"1":{"name":"(anonymous_9)","decl":{"start":{"line":14,"column":9},"end":{"line":14,"column":15}},"loc":{"start":{"line":14,"column":27},"end":{"line":19,"column":3}}},"2":{"name":"(anonymous_10)","decl":{"start":{"line":21,"column":8},"end":{"line":21,"column":27}},"loc":{"start":{"line":21,"column":44},"end":{"line":53,"column":null}}}},"branchMap":{"0":{"loc":{"start":{"line":15,"column":4},"end":{"line":17,"column":5}},"type":"if","locations":[{"start":{"line":15,"column":4},"end":{"line":17,"column":5}}]},"1":{"loc":{"start":{"line":23,"column":6},"end":{"line":25,"column":7}},"type":"if","locations":[{"start":{"line":23,"column":6},"end":{"line":25,"column":7}}]},"2":{"loc":{"start":{"line":23,"column":10},"end":{"line":23,"column":39}},"type":"binary-expr","locations":[{"start":{"line":23,"column":10},"end":{"line":23,"column":23}},{"start":{"line":23,"column":27},"end":{"line":23,"column":39}}]},"3":{"loc":{"start":{"line":36,"column":6},"end":{"line":38,"column":7}},"type":"if","locations":[{"start":{"line":36,"column":6},"end":{"line":38,"column":7}}]},"4":{"loc":{"start":{"line":42,"column":6},"end":{"line":49,"column":7}},"type":"if","locations":[{"start":{"line":42,"column":6},"end":{"line":49,"column":7}}]},"5":{"loc":{"start":{"line":43,"column":8},"end":{"line":45,"column":50}},"type":"binary-expr","locations":[{"start":{"line":43,"column":8},"end":{"line":43,"column":33}},{"start":{"line":44,"column":8},"end":{"line":44,"column":38}},{"start":{"line":45,"column":8},"end":{"line":45,"column":50}}]},"6":{"loc":{"start":{"line":44,"column":8},"end":{"line":44,"column":30}},"type":"cond-expr","locations":[{"start":{"line":44,"column":22},"end":{"line":44,"column":24}},{"start":{"line":44,"column":22},"end":{"line":44,"column":30}}]},"7":{"loc":{"start":{"line":44,"column":8},"end":{"line":44,"column":24}},"type":"binary-expr","locations":[{"start":{"line":44,"column":8},"end":{"line":44,"column":24}},{"start":{"line":44,"column":22},"end":{"line":44,"column":24}}]},"8":{"loc":{"start":{"line":45,"column":8},"end":{"line":45,"column":36}},"type":"cond-expr","locations":[{"start":{"line":45,"column":28},"end":{"line":45,"column":30}},{"start":{"line":45,"column":28},"end":{"line":45,"column":36}}]},"9":{"loc":{"start":{"line":45,"column":8},"end":{"line":45,"column":30}},"type":"binary-expr","locations":[{"start":{"line":45,"column":8},"end":{"line":45,"column":30}},{"start":{"line":45,"column":28},"end":{"line":45,"column":30}}]},"10":{"loc":{"start":{"line":45,"column":8},"end":{"line":45,"column":28}},"type":"cond-expr","locations":[{"start":{"line":45,"column":22},"end":{"line":45,"column":24}},{"start":{"line":45,"column":22},"end":{"line":45,"column":28}}]},"11":{"loc":{"start":{"line":45,"column":8},"end":{"line":45,"column":24}},"type":"binary-expr","locations":[{"start":{"line":45,"column":8},"end":{"line":45,"column":24}},{"start":{"line":45,"column":22},"end":{"line":45,"column":24}}]}},"s":{"0":5,"1":5,"2":5,"3":5,"4":8,"5":5,"6":8,"7":0,"8":0,"9":0,"10":0,"11":0,"12":0,"13":0,"14":0,"15":0,"16":0,"17":0,"18":5},"f":{"0":5,"1":8,"2":0},"b":{"0":[5],"1":[0],"2":[0,0],"3":[0],"4":[0],"5":[0,0,0],"6":[0,0],"7":[0,0],"8":[0,0],"9":[0,0],"10":[0,0],"11":[0,0]}}
,"C:\\Users\\Collins\\Desktop\\demo_wallet\\src\\services\\userService.ts": {"path":"C:\\Users\\Collins\\Desktop\\demo_wallet\\src\\services\\userService.ts","statementMap":{"0":{"start":{"line":3,"column":0},"end":{"line":3,"column":36}},"1":{"start":{"line":4,"column":0},"end":{"line":4,"column":28}},"2":{"start":{"line":7,"column":0},"end":{"line":7,"column":40}},"3":{"start":{"line":8,"column":0},"end":{"line":8,"column":48}},"4":{"start":{"line":9,"column":0},"end":{"line":9,"column":45}},"5":{"start":{"line":13,"column":4},"end":{"line":56,"column":5}},"6":{"start":{"line":14,"column":6},"end":{"line":49,"column":9}},"7":{"start":{"line":14,"column":48},"end":{"line":49,"column":8}},"8":{"start":{"line":16,"column":31},"end":{"line":16,"column":72}},"9":{"start":{"line":20,"column":29},"end":{"line":22,"column":18}},"10":{"start":{"line":24,"column":8},"end":{"line":26,"column":9}},"11":{"start":{"line":25,"column":10},"end":{"line":25,"column":58}},"12":{"start":{"line":29,"column":27},"end":{"line":39,"column":10}},"13":{"start":{"line":41,"column":8},"end":{"line":41,"column":40}},"14":{"start":{"line":44,"column":8},"end":{"line":44,"column":67}},"15":{"start":{"line":48,"column":8},"end":{"line":48,"column":20}},"16":{"start":{"line":51,"column":6},"end":{"line":55,"column":7}},"17":{"start":{"line":52,"column":8},"end":{"line":52,"column":67}},"18":{"start":{"line":54,"column":8},"end":{"line":54,"column":64}},"19":{"start":{"line":63,"column":4},"end":{"line":79,"column":5}},"20":{"start":{"line":64,"column":19},"end":{"line":64,"column":66}},"21":{"start":{"line":66,"column":20},"end":{"line":70,"column":8}},"22":{"start":{"line":72,"column":6},"end":{"line":72,"column":29}},"23":{"start":{"line":74,"column":6},"end":{"line":78,"column":7}},"24":{"start":{"line":75,"column":8},"end":{"line":75,"column":61}},"25":{"start":{"line":77,"column":8},"end":{"line":77,"column":58}},"26":{"start":{"line":83,"column":17},"end":{"line":83,"column":64}},"27":{"start":{"line":85,"column":4},"end":{"line":87,"column":5}},"28":{"start":{"line":86,"column":6},"end":{"line":86,"column":40}},"29":{"start":{"line":89,"column":4},"end":{"line":89,"column":16}},"30":{"start":{"line":93,"column":17},"end":{"line":95,"column":null}},"31":{"start":{"line":98,"column":4},"end":{"line":100,"column":5}},"32":{"start":{"line":99,"column":6},"end":{"line":99,"column":66}},"33":{"start":{"line":102,"column":26},"end":{"line":105,"column":21}},"34":{"start":{"line":107,"column":4},"end":{"line":109,"column":5}},"35":{"start":{"line":108,"column":6},"end":{"line":108,"column":40}},"36":{"start":{"line":111,"column":4},"end":{"line":111,"column":23}},"37":{"start":{"line":116,"column":17},"end":{"line":116,"column":59}},"38":{"start":{"line":118,"column":4},"end":{"line":120,"column":5}},"39":{"start":{"line":119,"column":6},"end":{"line":119,"column":45}},"40":{"start":{"line":122,"column":4},"end":{"line":122,"column":16}},"41":{"start":{"line":128,"column":24},"end":{"line":130,"column":16}},"42":{"start":{"line":131,"column":4},"end":{"line":131,"column":23}},"43":{"start":{"line":11,"column":0},"end":{"line":11,"column":13}},"44":{"start":{"line":135,"column":13},"end":{"line":135,"column":45}}},"fnMap":{"0":{"name":"(anonymous_8)","decl":{"start":{"line":12,"column":8},"end":{"line":12,"column":18}},"loc":{"start":{"line":12,"column":42},"end":{"line":57,"column":null}}},"1":{"name":"(anonymous_10)","decl":{"start":{"line":14,"column":34},"end":{"line":14,"column":41}},"loc":{"start":{"line":14,"column":48},"end":{"line":49,"column":8}}},"2":{"name":"(anonymous_11)","decl":{"start":{"line":14,"column":48},"end":{"line":14,"column":null}},"loc":{"start":{"line":14,"column":48},"end":{"line":49,"column":7}}},"3":{"name":"(anonymous_12)","decl":{"start":{"line":59,"column":8},"end":{"line":59,"column":13}},"loc":{"start":{"line":61,"column":20},"end":{"line":80,"column":null}}},"4":{"name":"(anonymous_14)","decl":{"start":{"line":82,"column":8},"end":{"line":82,"column":19}},"loc":{"start":{"line":82,"column":34},"end":{"line":90,"column":null}}},"5":{"name":"(anonymous_16)","decl":{"start":{"line":92,"column":8},"end":{"line":92,"column":18}},"loc":{"start":{"line":92,"column":58},"end":{"line":112,"column":null}}},"6":{"name":"(anonymous_18)","decl":{"start":{"line":115,"column":8},"end":{"line":115,"column":27}},"loc":{"start":{"line":115,"column":59},"end":{"line":123,"column":null}}},"7":{"name":"(anonymous_20)","decl":{"start":{"line":126,"column":10},"end":{"line":126,"column":29}},"loc":{"start":{"line":126,"column":29},"end":{"line":132,"column":3}}}},"branchMap":{"0":{"loc":{"start":{"line":24,"column":8},"end":{"line":26,"column":9}},"type":"if","locations":[{"start":{"line":24,"column":8},"end":{"line":26,"column":9}}]},"1":{"loc":{"start":{"line":36,"column":16},"end":{"line":36,"column":54}},"type":"cond-expr","locations":[{"start":{"line":36,"column":32},"end":{"line":36,"column":45}},{"start":{"line":36,"column":48},"end":{"line":36,"column":54}}]},"2":{"loc":{"start":{"line":51,"column":6},"end":{"line":55,"column":7}},"type":"if","locations":[{"start":{"line":51,"column":6},"end":{"line":55,"column":7}},{"start":{"line":53,"column":13},"end":{"line":55,"column":7}}]},"3":{"loc":{"start":{"line":74,"column":6},"end":{"line":78,"column":7}},"type":"if","locations":[{"start":{"line":74,"column":6},"end":{"line":78,"column":7}},{"start":{"line":76,"column":13},"end":{"line":78,"column":7}}]},"4":{"loc":{"start":{"line":85,"column":4},"end":{"line":87,"column":5}},"type":"if","locations":[{"start":{"line":85,"column":4},"end":{"line":87,"column":5}}]},"5":{"loc":{"start":{"line":98,"column":4},"end":{"line":100,"column":5}},"type":"if","locations":[{"start":{"line":98,"column":4},"end":{"line":100,"column":5}}]},"6":{"loc":{"start":{"line":107,"column":4},"end":{"line":109,"column":5}},"type":"if","locations":[{"start":{"line":107,"column":4},"end":{"line":109,"column":5}}]},"7":{"loc":{"start":{"line":118,"column":4},"end":{"line":120,"column":5}},"type":"if","locations":[{"start":{"line":118,"column":4},"end":{"line":120,"column":5}}]},"8":{"loc":{"start":{"line":118,"column":8},"end":{"line":118,"column":65}},"type":"binary-expr","locations":[{"start":{"line":118,"column":8},"end":{"line":118,"column":13}},{"start":{"line":118,"column":17},"end":{"line":118,"column":65}}]}},"s":{"0":3,"1":3,"2":3,"3":3,"4":3,"5":2,"6":2,"7":2,"8":2,"9":2,"10":0,"11":0,"12":0,"13":0,"14":0,"15":0,"16":2,"17":2,"18":0,"19":2,"20":2,"21":1,"22":1,"23":1,"24":1,"25":0,"26":2,"27":2,"28":1,"29":1,"30":2,"31":2,"32":2,"33":2,"34":0,"35":0,"36":0,"37":2,"38":2,"39":1,"40":1,"41":0,"42":0,"43":3,"44":3},"f":{"0":2,"1":2,"2":2,"3":2,"4":2,"5":2,"6":2,"7":0},"b":{"0":[0],"1":[0,0],"2":[2,0],"3":[1,0],"4":[1],"5":[2],"6":[0],"7":[1],"8":[2,1]}}
,"C:\\Users\\Collins\\Desktop\\demo_wallet\\src\\services\\walletService.ts": {"path":"C:\\Users\\Collins\\Desktop\\demo_wallet\\src\\services\\walletService.ts","statementMap":{"0":{"start":{"line":2,"column":0},"end":{"line":2,"column":40}},"1":{"start":{"line":3,"column":0},"end":{"line":3,"column":36}},"2":{"start":{"line":4,"column":0},"end":{"line":4,"column":50}},"3":{"start":{"line":5,"column":0},"end":{"line":5,"column":56}},"4":{"start":{"line":6,"column":0},"end":{"line":6,"column":null}},"5":{"start":{"line":16,"column":4},"end":{"line":16,"column":55}},"6":{"start":{"line":20,"column":4},"end":{"line":52,"column":5}},"7":{"start":{"line":22,"column":28},"end":{"line":23,"column":null}},"8":{"start":{"line":26,"column":6},"end":{"line":28,"column":7}},"9":{"start":{"line":27,"column":8},"end":{"line":27,"column":65}},"10":{"start":{"line":30,"column":29},"end":{"line":32,"column":16}},"11":{"start":{"line":33,"column":6},"end":{"line":35,"column":7}},"12":{"start":{"line":34,"column":8},"end":{"line":34,"column":63}},"13":{"start":{"line":37,"column":29},"end":{"line":45,"column":8}},"14":{"start":{"line":47,"column":6},"end":{"line":47,"column":42}},"15":{"start":{"line":48,"column":6},"end":{"line":48,"column":20}},"16":{"start":{"line":50,"column":6},"end":{"line":50,"column":27}},"17":{"start":{"line":51,"column":6},"end":{"line":51,"column":18}},"18":{"start":{"line":56,"column":4},"end":{"line":62,"column":5}},"19":{"start":{"line":57,"column":21},"end":{"line":57,"column":72}},"20":{"start":{"line":59,"column":6},"end":{"line":59,"column":20}},"21":{"start":{"line":61,"column":6},"end":{"line":61,"column":18}},"22":{"start":{"line":66,"column":19},"end":{"line":66,"column":68}},"23":{"start":{"line":68,"column":4},"end":{"line":70,"column":5}},"24":{"start":{"line":69,"column":6},"end":{"line":69,"column":42}},"25":{"start":{"line":72,"column":4},"end":{"line":72,"column":26}},"26":{"start":{"line":76,"column":4},"end":{"line":76,"column":43}},"27":{"start":{"line":80,"column":16},"end":{"line":80,"column":38}},"28":{"start":{"line":82,"column":4},"end":{"line":120,"column":5}},"29":{"start":{"line":84,"column":21},"end":{"line":87,"column":16}},"30":{"start":{"line":89,"column":6},"end":{"line":91,"column":7}},"31":{"start":{"line":90,"column":8},"end":{"line":90,"column":44}},"32":{"start":{"line":93,"column":39},"end":{"line":102,"column":8}},"33":{"start":{"line":104,"column":6},"end":{"line":104,"column":52}},"34":{"start":{"line":105,"column":6},"end":{"line":108,"column":41}},"35":{"start":{"line":110,"column":6},"end":{"line":113,"column":41}},"36":{"start":{"line":115,"column":6},"end":{"line":115,"column":25}},"37":{"start":{"line":116,"column":6},"end":{"line":116,"column":25}},"38":{"start":{"line":118,"column":6},"end":{"line":118,"column":27}},"39":{"start":{"line":119,"column":6},"end":{"line":119,"column":18}},"40":{"start":{"line":128,"column":16},"end":{"line":128,"column":38}},"41":{"start":{"line":130,"column":4},"end":{"line":177,"column":5}},"42":{"start":{"line":131,"column":45},"end":{"line":134,"column":8}},"43":{"start":{"line":136,"column":6},"end":{"line":138,"column":7}},"44":{"start":{"line":137,"column":8},"end":{"line":137,"column":57}},"45":{"start":{"line":140,"column":6},"end":{"line":142,"column":7}},"46":{"start":{"line":141,"column":8},"end":{"line":141,"column":59}},"47":{"start":{"line":144,"column":6},"end":{"line":146,"column":7}},"48":{"start":{"line":145,"column":8},"end":{"line":145,"column":46}},"49":{"start":{"line":148,"column":39},"end":{"line":157,"column":8}},"50":{"start":{"line":159,"column":6},"end":{"line":165,"column":9}},"51":{"start":{"line":167,"column":6},"end":{"line":170,"column":41}},"52":{"start":{"line":172,"column":6},"end":{"line":172,"column":25}},"53":{"start":{"line":173,"column":6},"end":{"line":173,"column":25}},"54":{"start":{"line":175,"column":6},"end":{"line":175,"column":27}},"55":{"start":{"line":176,"column":6},"end":{"line":176,"column":18}},"56":{"start":{"line":180,"column":4},"end":{"line":226,"column":7}},"57":{"start":{"line":180,"column":46},"end":{"line":226,"column":6}},"58":{"start":{"line":181,"column":21},"end":{"line":184,"column":16}},"59":{"start":{"line":186,"column":6},"end":{"line":188,"column":7}},"60":{"start":{"line":187,"column":8},"end":{"line":187,"column":56}},"61":{"start":{"line":191,"column":6},"end":{"line":193,"column":7}},"62":{"start":{"line":192,"column":8},"end":{"line":192,"column":42}},"63":{"start":{"line":196,"column":6},"end":{"line":198,"column":7}},"64":{"start":{"line":197,"column":8},"end":{"line":197,"column":42}},"65":{"start":{"line":200,"column":6},"end":{"line":202,"column":7}},"66":{"start":{"line":201,"column":8},"end":{"line":201,"column":46}},"67":{"start":{"line":204,"column":39},"end":{"line":213,"column":8}},"68":{"start":{"line":215,"column":6},"end":{"line":223,"column":9}},"69":{"start":{"line":225,"column":6},"end":{"line":225,"column":25}},"70":{"start":{"line":233,"column":34},"end":{"line":233,"column":41}},"71":{"start":{"line":235,"column":18},"end":{"line":239,"column":19}},"72":{"start":{"line":241,"column":4},"end":{"line":243,"column":5}},"73":{"start":{"line":242,"column":6},"end":{"line":242,"column":35}},"74":{"start":{"line":245,"column":25},"end":{"line":245,"column":36}},"75":{"start":{"line":247,"column":4},"end":{"line":247,"column":30}},"76":{"start":{"line":249,"column":4},"end":{"line":249,"column":24}},"77":{"start":{"line":12,"column":0},"end":{"line":12,"column":13}},"78":{"start":{"line":253,"column":13},"end":{"line":253,"column":49}}},"fnMap":{"0":{"name":"(anonymous_7)","decl":{"start":{"line":15,"column":2},"end":{"line":15,"column":null}},"loc":{"start":{"line":15,"column":2},"end":{"line":17,"column":3}}},"1":{"name":"(anonymous_8)","decl":{"start":{"line":19,"column":8},"end":{"line":19,"column":20}},"loc":{"start":{"line":19,"column":61},"end":{"line":53,"column":null}}},"2":{"name":"(anonymous_10)","decl":{"start":{"line":55,"column":8},"end":{"line":55,"column":25}},"loc":{"start":{"line":55,"column":40},"end":{"line":63,"column":null}}},"3":{"name":"(anonymous_12)","decl":{"start":{"line":65,"column":8},"end":{"line":65,"column":18}},"loc":{"start":{"line":65,"column":35},"end":{"line":73,"column":null}}},"4":{"name":"(anonymous_14)","decl":{"start":{"line":75,"column":8},"end":{"line":75,"column":21}},"loc":{"start":{"line":75,"column":21},"end":{"line":77,"column":null}}},"5":{"name":"(anonymous_16)","decl":{"start":{"line":79,"column":8},"end":{"line":79,"column":18}},"loc":{"start":{"line":79,"column":51},"end":{"line":121,"column":null}}},"6":{"name":"(anonymous_18)","decl":{"start":{"line":123,"column":8},"end":{"line":123,"column":16}},"loc":{"start":{"line":126,"column":18},"end":{"line":178,"column":null}}},"7":{"name":"(anonymous_20)","decl":{"start":{"line":179,"column":8},"end":{"line":179,"column":16}},"loc":{"start":{"line":179,"column":49},"end":{"line":227,"column":null}}},"8":{"name":"(anonymous_22)","decl":{"start":{"line":180,"column":32},"end":{"line":180,"column":39}},"loc":{"start":{"line":180,"column":46},"end":{"line":226,"column":6}}},"9":{"name":"(anonymous_23)","decl":{"start":{"line":180,"column":46},"end":{"line":180,"column":null}},"loc":{"start":{"line":180,"column":46},"end":{"line":226,"column":5}}},"10":{"name":"(anonymous_24)","decl":{"start":{"line":229,"column":8},"end":{"line":229,"column":23}},"loc":{"start":{"line":231,"column":59},"end":{"line":250,"column":null}}}},"branchMap":{"0":{"loc":{"start":{"line":26,"column":6},"end":{"line":28,"column":7}},"type":"if","locations":[{"start":{"line":26,"column":6},"end":{"line":28,"column":7}}]},"1":{"loc":{"start":{"line":33,"column":6},"end":{"line":35,"column":7}},"type":"if","locations":[{"start":{"line":33,"column":6},"end":{"line":35,"column":7}}]},"2":{"loc":{"start":{"line":68,"column":4},"end":{"line":70,"column":5}},"type":"if","locations":[{"start":{"line":68,"column":4},"end":{"line":70,"column":5}}]},"3":{"loc":{"start":{"line":89,"column":6},"end":{"line":91,"column":7}},"type":"if","locations":[{"start":{"line":89,"column":6},"end":{"line":91,"column":7}}]},"4":{"loc":{"start":{"line":136,"column":6},"end":{"line":138,"column":7}},"type":"if","locations":[{"start":{"line":136,"column":6},"end":{"line":138,"column":7}}]},"5":{"loc":{"start":{"line":140,"column":6},"end":{"line":142,"column":7}},"type":"if","locations":[{"start":{"line":140,"column":6},"end":{"line":142,"column":7}}]},"6":{"loc":{"start":{"line":144,"column":6},"end":{"line":146,"column":7}},"type":"if","locations":[{"start":{"line":144,"column":6},"end":{"line":146,"column":7}}]},"7":{"loc":{"start":{"line":186,"column":6},"end":{"line":188,"column":7}},"type":"if","locations":[{"start":{"line":186,"column":6},"end":{"line":188,"column":7}}]},"8":{"loc":{"start":{"line":191,"column":6},"end":{"line":193,"column":7}},"type":"if","locations":[{"start":{"line":191,"column":6},"end":{"line":193,"column":7}}]},"9":{"loc":{"start":{"line":196,"column":6},"end":{"line":198,"column":7}},"type":"if","locations":[{"start":{"line":196,"column":6},"end":{"line":198,"column":7}}]},"10":{"loc":{"start":{"line":200,"column":6},"end":{"line":202,"column":7}},"type":"if","locations":[{"start":{"line":200,"column":6},"end":{"line":202,"column":7}}]},"11":{"loc":{"start":{"line":241,"column":4},"end":{"line":243,"column":5}},"type":"if","locations":[{"start":{"line":241,"column":4},"end":{"line":243,"column":5}}]}},"s":{"0":5,"1":5,"2":5,"3":5,"4":5,"5":8,"6":0,"7":0,"8":0,"9":0,"10":0,"11":0,"12":0,"13":0,"14":0,"15":0,"16":0,"17":0,"18":3,"19":3,"20":0,"21":0,"22":0,"23":0,"24":0,"25":0,"26":0,"27":3,"28":0,"29":0,"30":0,"31":0,"32":0,"33":0,"34":0,"35":0,"36":0,"37":0,"38":0,"39":0,"40":0,"41":0,"42":0,"43":0,"44":0,"45":0,"46":0,"47":0,"48":0,"49":0,"50":0,"51":0,"52":0,"53":0,"54":0,"55":0,"56":0,"57":0,"58":0,"59":0,"60":0,"61":0,"62":0,"63":0,"64":0,"65":0,"66":0,"67":0,"68":0,"69":0,"70":0,"71":0,"72":0,"73":0,"74":0,"75":0,"76":0,"77":5,"78":5},"f":{"0":8,"1":0,"2":3,"3":0,"4":0,"5":3,"6":0,"7":0,"8":0,"9":0,"10":0},"b":{"0":[0],"1":[0],"2":[0],"3":[0],"4":[0],"5":[0],"6":[0],"7":[0],"8":[0],"9":[0],"10":[0],"11":[0]}}
,"C:\\Users\\Collins\\Desktop\\demo_wallet\\src\\utils\\jwt.ts": {"path":"C:\\Users\\Collins\\Desktop\\demo_wallet\\src\\utils\\jwt.ts","statementMap":{"0":{"start":{"line":1,"column":0},"end":{"line":1,"column":31}},"1":{"start":{"line":10,"column":22},"end":{"line":21,"column":1}},"2":{"start":{"line":12,"column":16},"end":{"line":17,"column":null}},"3":{"start":{"line":20,"column":2},"end":{"line":20,"column":15}},"4":{"start":{"line":25,"column":9},"end":{"line":25,"column":22}}},"fnMap":{"0":{"name":"(anonymous_1)","decl":{"start":{"line":10,"column":22},"end":{"line":10,"column":23}},"loc":{"start":{"line":10,"column":52},"end":{"line":21,"column":1}}}},"branchMap":{},"s":{"0":3,"1":3,"2":1,"3":1,"4":3},"f":{"0":1},"b":{}}
,"C:\\Users\\Collins\\Desktop\\demo_wallet\\src\\utils\\logger.ts": {"path":"C:\\Users\\Collins\\Desktop\\demo_wallet\\src\\utils\\logger.ts","statementMap":{"0":{"start":{"line":2,"column":0},"end":{"line":2,"column":30}},"1":{"start":{"line":4,"column":15},"end":{"line":15,"column":2}},"2":{"start":{"line":17,"column":0},"end":{"line":24,"column":1}},"3":{"start":{"line":18,"column":2},"end":{"line":23,"column":6}},"4":{"start":{"line":26,"column":0},"end":{"line":26,"column":22}}},"fnMap":{},"branchMap":{"0":{"loc":{"start":{"line":5,"column":9},"end":{"line":5,"column":40}},"type":"binary-expr","locations":[{"start":{"line":5,"column":9},"end":{"line":5,"column":30}},{"start":{"line":5,"column":34},"end":{"line":5,"column":40}}]},"1":{"loc":{"start":{"line":17,"column":0},"end":{"line":24,"column":1}},"type":"if","locations":[{"start":{"line":17,"column":0},"end":{"line":24,"column":1}}]}},"s":{"0":7,"1":7,"2":7,"3":7,"4":7},"f":{},"b":{"0":[7,7],"1":[7]}}
,"C:\\Users\\Collins\\Desktop\\demo_wallet\\src\\utils\\response.ts": {"path":"C:\\Users\\Collins\\Desktop\\demo_wallet\\src\\utils\\response.ts","statementMap":{"0":{"start":{"line":10,"column":0},"end":{"line":10,"column":16}},"1":{"start":{"line":23,"column":0},"end":{"line":23,"column":16}},"2":{"start":{"line":35,"column":0},"end":{"line":35,"column":16}},"3":{"start":{"line":39,"column":0},"end":{"line":39,"column":16}},"4":{"start":{"line":43,"column":0},"end":{"line":43,"column":16}},"5":{"start":{"line":47,"column":0},"end":{"line":47,"column":16}},"6":{"start":{"line":51,"column":0},"end":{"line":51,"column":16}},"7":{"start":{"line":55,"column":0},"end":{"line":55,"column":16}},"8":{"start":{"line":2,"column":0},"end":{"line":2,"column":30}},"9":{"start":{"line":16,"column":2},"end":{"line":20,"column":5}},"10":{"start":{"line":24,"column":21},"end":{"line":24,"column":44}},"11":{"start":{"line":25,"column":18},"end":{"line":25,"column":58}},"12":{"start":{"line":27,"column":2},"end":{"line":29,"column":3}},"13":{"start":{"line":28,"column":4},"end":{"line":28,"column":34}},"14":{"start":{"line":31,"column":2},"end":{"line":31,"column":56}},"15":{"start":{"line":36,"column":2},"end":{"line":36,"column":49}},"16":{"start":{"line":40,"column":2},"end":{"line":40,"column":49}},"17":{"start":{"line":44,"column":2},"end":{"line":44,"column":49}},"18":{"start":{"line":48,"column":2},"end":{"line":48,"column":49}},"19":{"start":{"line":52,"column":2},"end":{"line":52,"column":49}},"20":{"start":{"line":56,"column":2},"end":{"line":56,"column":49}}},"fnMap":{"0":{"name":"handleResponse","decl":{"start":{"line":10,"column":16},"end":{"line":10,"column":30}},"loc":{"start":{"line":14,"column":18},"end":{"line":21,"column":1}}},"1":{"name":"handleError","decl":{"start":{"line":23,"column":16},"end":{"line":23,"column":27}},"loc":{"start":{"line":23,"column":53},"end":{"line":32,"column":1}}},"2":{"name":"badRequest","decl":{"start":{"line":35,"column":16},"end":{"line":35,"column":26}},"loc":{"start":{"line":35,"column":75},"end":{"line":37,"column":1}}},"3":{"name":"forbidden","decl":{"start":{"line":39,"column":16},"end":{"line":39,"column":25}},"loc":{"start":{"line":39,"column":74},"end":{"line":41,"column":1}}},"4":{"name":"success","decl":{"start":{"line":43,"column":16},"end":{"line":43,"column":23}},"loc":{"start":{"line":43,"column":72},"end":{"line":45,"column":1}}},"5":{"name":"created","decl":{"start":{"line":47,"column":16},"end":{"line":47,"column":23}},"loc":{"start":{"line":47,"column":72},"end":{"line":49,"column":1}}},"6":{"name":"notFound","decl":{"start":{"line":51,"column":16},"end":{"line":51,"column":24}},"loc":{"start":{"line":51,"column":73},"end":{"line":53,"column":1}}},"7":{"name":"serverError","decl":{"start":{"line":55,"column":16},"end":{"line":55,"column":27}},"loc":{"start":{"line":55,"column":76},"end":{"line":57,"column":1}}}},"branchMap":{"0":{"loc":{"start":{"line":14,"column":2},"end":{"line":14,"column":18}},"type":"default-arg","locations":[{"start":{"line":14,"column":14},"end":{"line":14,"column":18}}]},"1":{"loc":{"start":{"line":24,"column":21},"end":{"line":24,"column":44}},"type":"binary-expr","locations":[{"start":{"line":24,"column":21},"end":{"line":24,"column":37}},{"start":{"line":24,"column":41},"end":{"line":24,"column":44}}]},"2":{"loc":{"start":{"line":25,"column":18},"end":{"line":25,"column":58}},"type":"binary-expr","locations":[{"start":{"line":25,"column":18},"end":{"line":25,"column":31}},{"start":{"line":25,"column":35},"end":{"line":25,"column":58}}]},"3":{"loc":{"start":{"line":27,"column":2},"end":{"line":29,"column":3}},"type":"if","locations":[{"start":{"line":27,"column":2},"end":{"line":29,"column":3}}]},"4":{"loc":{"start":{"line":35,"column":59},"end":{"line":35,"column":75}},"type":"default-arg","locations":[{"start":{"line":35,"column":71},"end":{"line":35,"column":75}}]},"5":{"loc":{"start":{"line":39,"column":58},"end":{"line":39,"column":74}},"type":"default-arg","locations":[{"start":{"line":39,"column":70},"end":{"line":39,"column":74}}]},"6":{"loc":{"start":{"line":43,"column":56},"end":{"line":43,"column":72}},"type":"default-arg","locations":[{"start":{"line":43,"column":68},"end":{"line":43,"column":72}}]},"7":{"loc":{"start":{"line":47,"column":56},"end":{"line":47,"column":72}},"type":"default-arg","locations":[{"start":{"line":47,"column":68},"end":{"line":47,"column":72}}]},"8":{"loc":{"start":{"line":51,"column":57},"end":{"line":51,"column":73}},"type":"default-arg","locations":[{"start":{"line":51,"column":69},"end":{"line":51,"column":73}}]},"9":{"loc":{"start":{"line":55,"column":60},"end":{"line":55,"column":76}},"type":"default-arg","locations":[{"start":{"line":55,"column":72},"end":{"line":55,"column":76}}]}},"s":{"0":3,"1":3,"2":3,"3":3,"4":3,"5":3,"6":3,"7":3,"8":3,"9":21,"10":5,"11":5,"12":5,"13":5,"14":5,"15":3,"16":0,"17":2,"18":0,"19":0,"20":3},"f":{"0":21,"1":5,"2":3,"3":0,"4":2,"5":0,"6":0,"7":3},"b":{"0":[0],"1":[5,5],"2":[5,0],"3":[5],"4":[3],"5":[0],"6":[0],"7":[0],"8":[0],"9":[3]}}
}
