{"C:\\Users\\Collins\\Desktop\\demo_wallet\\knexfile.ts": {"path":"C:\\Users\\Collins\\Desktop\\demo_wallet\\knexfile.ts","statementMap":{"0":{"start":{"line":2,"column":0},"end":{"line":2,"column":28}},"1":{"start":{"line":7,"column":0},"end":{"line":7,"column":16}},"2":{"start":{"line":10,"column":28},"end":{"line":28,"column":2}},"3":{"start":{"line":30,"column":0},"end":{"line":30,"column":22}}},"fnMap":{},"branchMap":{},"s":{"0":1,"1":1,"2":1,"3":1},"f":{},"b":{}}
,"C:\\Users\\Collins\\Desktop\\demo_wallet\\src\\config\\database.ts": {"path":"C:\\Users\\Collins\\Desktop\\demo_wallet\\src\\config\\database.ts","statementMap":{"0":{"start":{"line":1,"column":0},"end":{"line":1,"column":24}},"1":{"start":{"line":2,"column":0},"end":{"line":2,"column":36}},"2":{"start":{"line":4,"column":13},"end":{"line":4,"column":31}}},"fnMap":{},"branchMap":{},"s":{"0":1,"1":1,"2":1},"f":{},"b":{}}
,"C:\\Users\\Collins\\Desktop\\demo_wallet\\src\\controllers\\userController.ts": {"path":"C:\\Users\\Collins\\Desktop\\demo_wallet\\src\\controllers\\userController.ts","statementMap":{"0":{"start":{"line":3,"column":0},"end":{"line":3,"column":64}},"1":{"start":{"line":5,"column":0},"end":{"line":5,"column":54}},"2":{"start":{"line":9,"column":4},"end":{"line":15,"column":5}},"3":{"start":{"line":10,"column":23},"end":{"line":10,"column":31}},"4":{"start":{"line":11,"column":19},"end":{"line":11,"column":57}},"5":{"start":{"line":12,"column":6},"end":{"line":12,"column":66}},"6":{"start":{"line":14,"column":6},"end":{"line":14,"column":30}},"7":{"start":{"line":19,"column":4},"end":{"line":25,"column":5}},"8":{"start":{"line":20,"column":34},"end":{"line":20,"column":42}},"9":{"start":{"line":21,"column":19},"end":{"line":21,"column":59}},"10":{"start":{"line":22,"column":6},"end":{"line":22,"column":57}},"11":{"start":{"line":24,"column":6},"end":{"line":24,"column":30}},"12":{"start":{"line":29,"column":4},"end":{"line":35,"column":5}},"13":{"start":{"line":30,"column":21},"end":{"line":30,"column":32}},"14":{"start":{"line":31,"column":19},"end":{"line":31,"column":56}},"15":{"start":{"line":32,"column":6},"end":{"line":32,"column":68}},"16":{"start":{"line":34,"column":6},"end":{"line":34,"column":30}},"17":{"start":{"line":40,"column":4},"end":{"line":47,"column":5}},"18":{"start":{"line":41,"column":21},"end":{"line":41,"column":32}},"19":{"start":{"line":42,"column":23},"end":{"line":42,"column":31}},"20":{"start":{"line":43,"column":19},"end":{"line":43,"column":65}},"21":{"start":{"line":44,"column":6},"end":{"line":44,"column":66}},"22":{"start":{"line":46,"column":6},"end":{"line":46,"column":30}},"23":{"start":{"line":51,"column":0},"end":{"line":51,"column":36}}},"fnMap":{"0":{"name":"(anonymous_7)","decl":{"start":{"line":8,"column":8},"end":{"line":8,"column":18}},"loc":{"start":{"line":8,"column":46},"end":{"line":16,"column":null}}},"1":{"name":"(anonymous_9)","decl":{"start":{"line":18,"column":8},"end":{"line":18,"column":13}},"loc":{"start":{"line":18,"column":41},"end":{"line":26,"column":null}}},"2":{"name":"(anonymous_11)","decl":{"start":{"line":28,"column":8},"end":{"line":28,"column":15}},"loc":{"start":{"line":28,"column":39},"end":{"line":36,"column":null}}},"3":{"name":"(anonymous_13)","decl":{"start":{"line":39,"column":8},"end":{"line":39,"column":18}},"loc":{"start":{"line":39,"column":42},"end":{"line":48,"column":null}}}},"branchMap":{},"s":{"0":1,"1":1,"2":1,"3":1,"4":1,"5":0,"6":1,"7":0,"8":0,"9":0,"10":0,"11":0,"12":1,"13":1,"14":0,"15":0,"16":1,"17":0,"18":0,"19":0,"20":0,"21":0,"22":0,"23":1},"f":{"0":1,"1":0,"2":1,"3":0},"b":{}}
,"C:\\Users\\Collins\\Desktop\\demo_wallet\\src\\models\\Transaction.ts": {"path":"C:\\Users\\Collins\\Desktop\\demo_wallet\\src\\models\\Transaction.ts","statementMap":{"0":{"start":{"line":1,"column":0},"end":{"line":1,"column":null}},"1":{"start":{"line":2,"column":4},"end":{"line":2,"column":null}},"2":{"start":{"line":3,"column":4},"end":{"line":3,"column":null}},"3":{"start":{"line":4,"column":4},"end":{"line":4,"column":null}},"4":{"start":{"line":7,"column":2},"end":{"line":7,"column":null}},"5":{"start":{"line":8,"column":4},"end":{"line":8,"column":null}},"6":{"start":{"line":9,"column":4},"end":{"line":9,"column":null}},"7":{"start":{"line":10,"column":4},"end":{"line":10,"column":null}}},"fnMap":{"0":{"name":"(anonymous_0)","decl":{"start":{"line":1,"column":0},"end":{"line":1,"column":12}},"loc":{"start":{"line":1,"column":27},"end":{"line":5,"column":3}}},"1":{"name":"(anonymous_1)","decl":{"start":{"line":7,"column":2},"end":{"line":7,"column":14}},"loc":{"start":{"line":7,"column":31},"end":{"line":11,"column":3}}}},"branchMap":{"0":{"loc":{"start":{"line":1,"column":12},"end":{"line":1,"column":null}},"type":"binary-expr","locations":[{"start":{"line":1,"column":12},"end":{"line":1,"column":27}},{"start":{"line":1,"column":27},"end":{"line":1,"column":null}}]},"1":{"loc":{"start":{"line":7,"column":14},"end":{"line":7,"column":null}},"type":"binary-expr","locations":[{"start":{"line":7,"column":14},"end":{"line":7,"column":31}},{"start":{"line":7,"column":31},"end":{"line":7,"column":null}}]}},"s":{"0":1,"1":1,"2":1,"3":1,"4":1,"5":1,"6":1,"7":1},"f":{"0":1,"1":1},"b":{"0":[1,1],"1":[1,1]}}
,"C:\\Users\\Collins\\Desktop\\demo_wallet\\src\\models\\Wallet.ts": {"path":"C:\\Users\\Collins\\Desktop\\demo_wallet\\src\\models\\Wallet.ts","statementMap":{"0":{"start":{"line":1,"column":0},"end":{"line":1,"column":null}},"1":{"start":{"line":2,"column":2},"end":{"line":2,"column":null}},"2":{"start":{"line":3,"column":2},"end":{"line":3,"column":null}},"3":{"start":{"line":4,"column":2},"end":{"line":4,"column":null}}},"fnMap":{"0":{"name":"(anonymous_0)","decl":{"start":{"line":1,"column":0},"end":{"line":1,"column":12}},"loc":{"start":{"line":1,"column":24},"end":{"line":5,"column":1}}}},"branchMap":{"0":{"loc":{"start":{"line":1,"column":12},"end":{"line":1,"column":null}},"type":"binary-expr","locations":[{"start":{"line":1,"column":12},"end":{"line":1,"column":24}},{"start":{"line":1,"column":24},"end":{"line":1,"column":null}}]}},"s":{"0":1,"1":1,"2":1,"3":1},"f":{"0":1},"b":{"0":[1,1]}}
,"C:\\Users\\Collins\\Desktop\\demo_wallet\\src\\services\\adjutorService.ts": {"path":"C:\\Users\\Collins\\Desktop\\demo_wallet\\src\\services\\adjutorService.ts","statementMap":{"0":{"start":{"line":1,"column":0},"end":{"line":1,"column":26}},"1":{"start":{"line":2,"column":0},"end":{"line":2,"column":37}},"2":{"start":{"line":10,"column":4},"end":{"line":10,"column":48}},"3":{"start":{"line":11,"column":4},"end":{"line":11,"column":47}},"4":{"start":{"line":15,"column":4},"end":{"line":17,"column":5}},"5":{"start":{"line":16,"column":6},"end":{"line":16,"column":53}},"6":{"start":{"line":18,"column":4},"end":{"line":18,"column":35}},"7":{"start":{"line":22,"column":4},"end":{"line":52,"column":5}},"8":{"start":{"line":23,"column":6},"end":{"line":25,"column":7}},"9":{"start":{"line":24,"column":8},"end":{"line":24,"column":71}},"10":{"start":{"line":29,"column":23},"end":{"line":33,"column":null}},"11":{"start":{"line":36,"column":6},"end":{"line":38,"column":7}},"12":{"start":{"line":37,"column":8},"end":{"line":37,"column":20}},"13":{"start":{"line":40,"column":6},"end":{"line":40,"column":19}},"14":{"start":{"line":42,"column":6},"end":{"line":49,"column":7}},"15":{"start":{"line":48,"column":8},"end":{"line":48,"column":21}},"16":{"start":{"line":50,"column":6},"end":{"line":50,"column":61}},"17":{"start":{"line":51,"column":6},"end":{"line":51,"column":57}},"18":{"start":{"line":4,"column":0},"end":{"line":4,"column":13}}},"fnMap":{"0":{"name":"(anonymous_8)","decl":{"start":{"line":9,"column":2},"end":{"line":9,"column":null}},"loc":{"start":{"line":9,"column":2},"end":{"line":12,"column":3}}},"1":{"name":"(anonymous_9)","decl":{"start":{"line":14,"column":9},"end":{"line":14,"column":15}},"loc":{"start":{"line":14,"column":27},"end":{"line":19,"column":3}}},"2":{"name":"(anonymous_10)","decl":{"start":{"line":21,"column":8},"end":{"line":21,"column":27}},"loc":{"start":{"line":21,"column":44},"end":{"line":53,"column":null}}}},"branchMap":{"0":{"loc":{"start":{"line":15,"column":4},"end":{"line":17,"column":5}},"type":"if","locations":[{"start":{"line":15,"column":4},"end":{"line":17,"column":5}}]},"1":{"loc":{"start":{"line":23,"column":6},"end":{"line":25,"column":7}},"type":"if","locations":[{"start":{"line":23,"column":6},"end":{"line":25,"column":7}}]},"2":{"loc":{"start":{"line":23,"column":10},"end":{"line":23,"column":39}},"type":"binary-expr","locations":[{"start":{"line":23,"column":10},"end":{"line":23,"column":23}},{"start":{"line":23,"column":27},"end":{"line":23,"column":39}}]},"3":{"loc":{"start":{"line":36,"column":6},"end":{"line":38,"column":7}},"type":"if","locations":[{"start":{"line":36,"column":6},"end":{"line":38,"column":7}}]},"4":{"loc":{"start":{"line":42,"column":6},"end":{"line":49,"column":7}},"type":"if","locations":[{"start":{"line":42,"column":6},"end":{"line":49,"column":7}}]},"5":{"loc":{"start":{"line":43,"column":8},"end":{"line":45,"column":50}},"type":"binary-expr","locations":[{"start":{"line":43,"column":8},"end":{"line":43,"column":33}},{"start":{"line":44,"column":8},"end":{"line":44,"column":38}},{"start":{"line":45,"column":8},"end":{"line":45,"column":50}}]},"6":{"loc":{"start":{"line":44,"column":8},"end":{"line":44,"column":30}},"type":"cond-expr","locations":[{"start":{"line":44,"column":22},"end":{"line":44,"column":24}},{"start":{"line":44,"column":22},"end":{"line":44,"column":30}}]},"7":{"loc":{"start":{"line":44,"column":8},"end":{"line":44,"column":24}},"type":"binary-expr","locations":[{"start":{"line":44,"column":8},"end":{"line":44,"column":24}},{"start":{"line":44,"column":22},"end":{"line":44,"column":24}}]},"8":{"loc":{"start":{"line":45,"column":8},"end":{"line":45,"column":36}},"type":"cond-expr","locations":[{"start":{"line":45,"column":28},"end":{"line":45,"column":30}},{"start":{"line":45,"column":28},"end":{"line":45,"column":36}}]},"9":{"loc":{"start":{"line":45,"column":8},"end":{"line":45,"column":30}},"type":"binary-expr","locations":[{"start":{"line":45,"column":8},"end":{"line":45,"column":30}},{"start":{"line":45,"column":28},"end":{"line":45,"column":30}}]},"10":{"loc":{"start":{"line":45,"column":8},"end":{"line":45,"column":28}},"type":"cond-expr","locations":[{"start":{"line":45,"column":22},"end":{"line":45,"column":24}},{"start":{"line":45,"column":22},"end":{"line":45,"column":28}}]},"11":{"loc":{"start":{"line":45,"column":8},"end":{"line":45,"column":24}},"type":"binary-expr","locations":[{"start":{"line":45,"column":8},"end":{"line":45,"column":24}},{"start":{"line":45,"column":22},"end":{"line":45,"column":24}}]}},"s":{"0":1,"1":1,"2":1,"3":1,"4":1,"5":1,"6":1,"7":0,"8":0,"9":0,"10":0,"11":0,"12":0,"13":0,"14":0,"15":0,"16":0,"17":0,"18":1},"f":{"0":1,"1":1,"2":0},"b":{"0":[1],"1":[0],"2":[0,0],"3":[0],"4":[0],"5":[0,0,0],"6":[0,0],"7":[0,0],"8":[0,0],"9":[0,0],"10":[0,0],"11":[0,0]}}
,"C:\\Users\\Collins\\Desktop\\demo_wallet\\src\\services\\userService.ts": {"path":"C:\\Users\\Collins\\Desktop\\demo_wallet\\src\\services\\userService.ts","statementMap":{"0":{"start":{"line":3,"column":0},"end":{"line":3,"column":36}},"1":{"start":{"line":4,"column":0},"end":{"line":4,"column":28}},"2":{"start":{"line":7,"column":0},"end":{"line":7,"column":40}},"3":{"start":{"line":8,"column":0},"end":{"line":8,"column":48}},"4":{"start":{"line":9,"column":0},"end":{"line":9,"column":45}},"5":{"start":{"line":13,"column":4},"end":{"line":56,"column":5}},"6":{"start":{"line":14,"column":6},"end":{"line":49,"column":9}},"7":{"start":{"line":14,"column":48},"end":{"line":49,"column":8}},"8":{"start":{"line":16,"column":31},"end":{"line":16,"column":72}},"9":{"start":{"line":20,"column":29},"end":{"line":22,"column":18}},"10":{"start":{"line":24,"column":8},"end":{"line":26,"column":9}},"11":{"start":{"line":25,"column":10},"end":{"line":25,"column":58}},"12":{"start":{"line":29,"column":27},"end":{"line":39,"column":10}},"13":{"start":{"line":41,"column":8},"end":{"line":41,"column":40}},"14":{"start":{"line":44,"column":8},"end":{"line":44,"column":67}},"15":{"start":{"line":48,"column":8},"end":{"line":48,"column":20}},"16":{"start":{"line":51,"column":6},"end":{"line":55,"column":7}},"17":{"start":{"line":52,"column":8},"end":{"line":52,"column":67}},"18":{"start":{"line":54,"column":8},"end":{"line":54,"column":64}},"19":{"start":{"line":63,"column":4},"end":{"line":79,"column":5}},"20":{"start":{"line":64,"column":19},"end":{"line":64,"column":66}},"21":{"start":{"line":66,"column":20},"end":{"line":70,"column":8}},"22":{"start":{"line":72,"column":6},"end":{"line":72,"column":29}},"23":{"start":{"line":74,"column":6},"end":{"line":78,"column":7}},"24":{"start":{"line":75,"column":8},"end":{"line":75,"column":61}},"25":{"start":{"line":77,"column":8},"end":{"line":77,"column":58}},"26":{"start":{"line":83,"column":17},"end":{"line":83,"column":64}},"27":{"start":{"line":85,"column":4},"end":{"line":87,"column":5}},"28":{"start":{"line":86,"column":6},"end":{"line":86,"column":40}},"29":{"start":{"line":89,"column":4},"end":{"line":89,"column":16}},"30":{"start":{"line":93,"column":17},"end":{"line":95,"column":null}},"31":{"start":{"line":98,"column":4},"end":{"line":100,"column":5}},"32":{"start":{"line":99,"column":6},"end":{"line":99,"column":66}},"33":{"start":{"line":102,"column":26},"end":{"line":105,"column":21}},"34":{"start":{"line":107,"column":4},"end":{"line":109,"column":5}},"35":{"start":{"line":108,"column":6},"end":{"line":108,"column":40}},"36":{"start":{"line":111,"column":4},"end":{"line":111,"column":23}},"37":{"start":{"line":116,"column":17},"end":{"line":116,"column":59}},"38":{"start":{"line":118,"column":4},"end":{"line":120,"column":5}},"39":{"start":{"line":119,"column":6},"end":{"line":119,"column":45}},"40":{"start":{"line":122,"column":4},"end":{"line":122,"column":16}},"41":{"start":{"line":128,"column":24},"end":{"line":130,"column":16}},"42":{"start":{"line":131,"column":4},"end":{"line":131,"column":23}},"43":{"start":{"line":135,"column":13},"end":{"line":135,"column":45}}},"fnMap":{"0":{"name":"(anonymous_8)","decl":{"start":{"line":12,"column":8},"end":{"line":12,"column":18}},"loc":{"start":{"line":12,"column":42},"end":{"line":57,"column":null}}},"1":{"name":"(anonymous_10)","decl":{"start":{"line":14,"column":34},"end":{"line":14,"column":41}},"loc":{"start":{"line":14,"column":48},"end":{"line":49,"column":8}}},"2":{"name":"(anonymous_11)","decl":{"start":{"line":14,"column":48},"end":{"line":14,"column":null}},"loc":{"start":{"line":14,"column":48},"end":{"line":49,"column":7}}},"3":{"name":"(anonymous_12)","decl":{"start":{"line":59,"column":8},"end":{"line":59,"column":13}},"loc":{"start":{"line":61,"column":20},"end":{"line":80,"column":null}}},"4":{"name":"(anonymous_14)","decl":{"start":{"line":82,"column":8},"end":{"line":82,"column":19}},"loc":{"start":{"line":82,"column":34},"end":{"line":90,"column":null}}},"5":{"name":"(anonymous_16)","decl":{"start":{"line":92,"column":8},"end":{"line":92,"column":18}},"loc":{"start":{"line":92,"column":58},"end":{"line":112,"column":null}}},"6":{"name":"(anonymous_18)","decl":{"start":{"line":115,"column":8},"end":{"line":115,"column":27}},"loc":{"start":{"line":115,"column":59},"end":{"line":123,"column":null}}},"7":{"name":"(anonymous_20)","decl":{"start":{"line":126,"column":10},"end":{"line":126,"column":29}},"loc":{"start":{"line":126,"column":29},"end":{"line":132,"column":3}}}},"branchMap":{"0":{"loc":{"start":{"line":24,"column":8},"end":{"line":26,"column":9}},"type":"if","locations":[{"start":{"line":24,"column":8},"end":{"line":26,"column":9}}]},"1":{"loc":{"start":{"line":36,"column":16},"end":{"line":36,"column":54}},"type":"cond-expr","locations":[{"start":{"line":36,"column":32},"end":{"line":36,"column":45}},{"start":{"line":36,"column":48},"end":{"line":36,"column":54}}]},"2":{"loc":{"start":{"line":51,"column":6},"end":{"line":55,"column":7}},"type":"if","locations":[{"start":{"line":51,"column":6},"end":{"line":55,"column":7}},{"start":{"line":53,"column":13},"end":{"line":55,"column":7}}]},"3":{"loc":{"start":{"line":74,"column":6},"end":{"line":78,"column":7}},"type":"if","locations":[{"start":{"line":74,"column":6},"end":{"line":78,"column":7}},{"start":{"line":76,"column":13},"end":{"line":78,"column":7}}]},"4":{"loc":{"start":{"line":85,"column":4},"end":{"line":87,"column":5}},"type":"if","locations":[{"start":{"line":85,"column":4},"end":{"line":87,"column":5}}]},"5":{"loc":{"start":{"line":98,"column":4},"end":{"line":100,"column":5}},"type":"if","locations":[{"start":{"line":98,"column":4},"end":{"line":100,"column":5}}]},"6":{"loc":{"start":{"line":107,"column":4},"end":{"line":109,"column":5}},"type":"if","locations":[{"start":{"line":107,"column":4},"end":{"line":109,"column":5}}]},"7":{"loc":{"start":{"line":118,"column":4},"end":{"line":120,"column":5}},"type":"if","locations":[{"start":{"line":118,"column":4},"end":{"line":120,"column":5}}]},"8":{"loc":{"start":{"line":118,"column":8},"end":{"line":118,"column":65}},"type":"binary-expr","locations":[{"start":{"line":118,"column":8},"end":{"line":118,"column":13}},{"start":{"line":118,"column":17},"end":{"line":118,"column":65}}]}},"s":{"0":1,"1":1,"2":1,"3":1,"4":1,"5":1,"6":1,"7":1,"8":1,"9":1,"10":1,"11":1,"12":0,"13":0,"14":0,"15":0,"16":1,"17":1,"18":0,"19":0,"20":0,"21":0,"22":0,"23":0,"24":0,"25":0,"26":0,"27":0,"28":0,"29":0,"30":0,"31":0,"32":0,"33":0,"34":0,"35":0,"36":0,"37":0,"38":0,"39":0,"40":0,"41":0,"42":0,"43":1},"f":{"0":1,"1":1,"2":1,"3":0,"4":0,"5":0,"6":0,"7":0},"b":{"0":[1],"1":[0,0],"2":[1,0],"3":[0,0],"4":[0],"5":[0],"6":[0],"7":[0],"8":[0,0]}}
,"C:\\Users\\Collins\\Desktop\\demo_wallet\\src\\services\\walletService.ts": {"path":"C:\\Users\\Collins\\Desktop\\demo_wallet\\src\\services\\walletService.ts","statementMap":{"0":{"start":{"line":2,"column":0},"end":{"line":2,"column":40}},"1":{"start":{"line":3,"column":0},"end":{"line":3,"column":36}},"2":{"start":{"line":4,"column":0},"end":{"line":4,"column":50}},"3":{"start":{"line":5,"column":0},"end":{"line":5,"column":56}},"4":{"start":{"line":6,"column":0},"end":{"line":6,"column":null}},"5":{"start":{"line":16,"column":4},"end":{"line":16,"column":55}},"6":{"start":{"line":20,"column":4},"end":{"line":52,"column":5}},"7":{"start":{"line":22,"column":28},"end":{"line":23,"column":null}},"8":{"start":{"line":26,"column":6},"end":{"line":28,"column":7}},"9":{"start":{"line":27,"column":8},"end":{"line":27,"column":65}},"10":{"start":{"line":30,"column":29},"end":{"line":32,"column":16}},"11":{"start":{"line":33,"column":6},"end":{"line":35,"column":7}},"12":{"start":{"line":34,"column":8},"end":{"line":34,"column":63}},"13":{"start":{"line":37,"column":29},"end":{"line":45,"column":8}},"14":{"start":{"line":47,"column":6},"end":{"line":47,"column":42}},"15":{"start":{"line":48,"column":6},"end":{"line":48,"column":20}},"16":{"start":{"line":50,"column":6},"end":{"line":50,"column":27}},"17":{"start":{"line":51,"column":6},"end":{"line":51,"column":18}},"18":{"start":{"line":56,"column":4},"end":{"line":62,"column":5}},"19":{"start":{"line":57,"column":21},"end":{"line":57,"column":72}},"20":{"start":{"line":59,"column":6},"end":{"line":59,"column":20}},"21":{"start":{"line":61,"column":6},"end":{"line":61,"column":18}},"22":{"start":{"line":66,"column":19},"end":{"line":66,"column":68}},"23":{"start":{"line":68,"column":4},"end":{"line":70,"column":5}},"24":{"start":{"line":69,"column":6},"end":{"line":69,"column":42}},"25":{"start":{"line":72,"column":4},"end":{"line":72,"column":26}},"26":{"start":{"line":76,"column":4},"end":{"line":76,"column":43}},"27":{"start":{"line":80,"column":16},"end":{"line":80,"column":38}},"28":{"start":{"line":82,"column":4},"end":{"line":120,"column":5}},"29":{"start":{"line":84,"column":21},"end":{"line":87,"column":16}},"30":{"start":{"line":89,"column":6},"end":{"line":91,"column":7}},"31":{"start":{"line":90,"column":8},"end":{"line":90,"column":44}},"32":{"start":{"line":93,"column":39},"end":{"line":102,"column":8}},"33":{"start":{"line":104,"column":6},"end":{"line":104,"column":52}},"34":{"start":{"line":105,"column":6},"end":{"line":108,"column":41}},"35":{"start":{"line":110,"column":6},"end":{"line":113,"column":41}},"36":{"start":{"line":115,"column":6},"end":{"line":115,"column":25}},"37":{"start":{"line":116,"column":6},"end":{"line":116,"column":25}},"38":{"start":{"line":118,"column":6},"end":{"line":118,"column":27}},"39":{"start":{"line":119,"column":6},"end":{"line":119,"column":18}},"40":{"start":{"line":128,"column":16},"end":{"line":128,"column":38}},"41":{"start":{"line":130,"column":4},"end":{"line":177,"column":5}},"42":{"start":{"line":131,"column":45},"end":{"line":134,"column":8}},"43":{"start":{"line":136,"column":6},"end":{"line":138,"column":7}},"44":{"start":{"line":137,"column":8},"end":{"line":137,"column":57}},"45":{"start":{"line":140,"column":6},"end":{"line":142,"column":7}},"46":{"start":{"line":141,"column":8},"end":{"line":141,"column":59}},"47":{"start":{"line":144,"column":6},"end":{"line":146,"column":7}},"48":{"start":{"line":145,"column":8},"end":{"line":145,"column":46}},"49":{"start":{"line":148,"column":39},"end":{"line":157,"column":8}},"50":{"start":{"line":159,"column":6},"end":{"line":165,"column":9}},"51":{"start":{"line":167,"column":6},"end":{"line":170,"column":41}},"52":{"start":{"line":172,"column":6},"end":{"line":172,"column":25}},"53":{"start":{"line":173,"column":6},"end":{"line":173,"column":25}},"54":{"start":{"line":175,"column":6},"end":{"line":175,"column":27}},"55":{"start":{"line":176,"column":6},"end":{"line":176,"column":18}},"56":{"start":{"line":180,"column":4},"end":{"line":226,"column":7}},"57":{"start":{"line":180,"column":46},"end":{"line":226,"column":6}},"58":{"start":{"line":181,"column":21},"end":{"line":184,"column":16}},"59":{"start":{"line":186,"column":6},"end":{"line":188,"column":7}},"60":{"start":{"line":187,"column":8},"end":{"line":187,"column":56}},"61":{"start":{"line":191,"column":6},"end":{"line":193,"column":7}},"62":{"start":{"line":192,"column":8},"end":{"line":192,"column":42}},"63":{"start":{"line":196,"column":6},"end":{"line":198,"column":7}},"64":{"start":{"line":197,"column":8},"end":{"line":197,"column":42}},"65":{"start":{"line":200,"column":6},"end":{"line":202,"column":7}},"66":{"start":{"line":201,"column":8},"end":{"line":201,"column":46}},"67":{"start":{"line":204,"column":39},"end":{"line":213,"column":8}},"68":{"start":{"line":215,"column":6},"end":{"line":223,"column":9}},"69":{"start":{"line":225,"column":6},"end":{"line":225,"column":25}},"70":{"start":{"line":233,"column":34},"end":{"line":233,"column":41}},"71":{"start":{"line":235,"column":18},"end":{"line":239,"column":19}},"72":{"start":{"line":241,"column":4},"end":{"line":243,"column":5}},"73":{"start":{"line":242,"column":6},"end":{"line":242,"column":35}},"74":{"start":{"line":245,"column":25},"end":{"line":245,"column":36}},"75":{"start":{"line":247,"column":4},"end":{"line":247,"column":30}},"76":{"start":{"line":249,"column":4},"end":{"line":249,"column":24}},"77":{"start":{"line":253,"column":13},"end":{"line":253,"column":49}}},"fnMap":{"0":{"name":"(anonymous_7)","decl":{"start":{"line":15,"column":2},"end":{"line":15,"column":null}},"loc":{"start":{"line":15,"column":2},"end":{"line":17,"column":3}}},"1":{"name":"(anonymous_8)","decl":{"start":{"line":19,"column":8},"end":{"line":19,"column":20}},"loc":{"start":{"line":19,"column":61},"end":{"line":53,"column":null}}},"2":{"name":"(anonymous_10)","decl":{"start":{"line":55,"column":8},"end":{"line":55,"column":25}},"loc":{"start":{"line":55,"column":40},"end":{"line":63,"column":null}}},"3":{"name":"(anonymous_12)","decl":{"start":{"line":65,"column":8},"end":{"line":65,"column":18}},"loc":{"start":{"line":65,"column":35},"end":{"line":73,"column":null}}},"4":{"name":"(anonymous_14)","decl":{"start":{"line":75,"column":8},"end":{"line":75,"column":21}},"loc":{"start":{"line":75,"column":21},"end":{"line":77,"column":null}}},"5":{"name":"(anonymous_16)","decl":{"start":{"line":79,"column":8},"end":{"line":79,"column":18}},"loc":{"start":{"line":79,"column":51},"end":{"line":121,"column":null}}},"6":{"name":"(anonymous_18)","decl":{"start":{"line":123,"column":8},"end":{"line":123,"column":16}},"loc":{"start":{"line":126,"column":18},"end":{"line":178,"column":null}}},"7":{"name":"(anonymous_20)","decl":{"start":{"line":179,"column":8},"end":{"line":179,"column":16}},"loc":{"start":{"line":179,"column":49},"end":{"line":227,"column":null}}},"8":{"name":"(anonymous_22)","decl":{"start":{"line":180,"column":32},"end":{"line":180,"column":39}},"loc":{"start":{"line":180,"column":46},"end":{"line":226,"column":6}}},"9":{"name":"(anonymous_23)","decl":{"start":{"line":180,"column":46},"end":{"line":180,"column":null}},"loc":{"start":{"line":180,"column":46},"end":{"line":226,"column":5}}},"10":{"name":"(anonymous_24)","decl":{"start":{"line":229,"column":8},"end":{"line":229,"column":23}},"loc":{"start":{"line":231,"column":59},"end":{"line":250,"column":null}}}},"branchMap":{"0":{"loc":{"start":{"line":26,"column":6},"end":{"line":28,"column":7}},"type":"if","locations":[{"start":{"line":26,"column":6},"end":{"line":28,"column":7}}]},"1":{"loc":{"start":{"line":33,"column":6},"end":{"line":35,"column":7}},"type":"if","locations":[{"start":{"line":33,"column":6},"end":{"line":35,"column":7}}]},"2":{"loc":{"start":{"line":68,"column":4},"end":{"line":70,"column":5}},"type":"if","locations":[{"start":{"line":68,"column":4},"end":{"line":70,"column":5}}]},"3":{"loc":{"start":{"line":89,"column":6},"end":{"line":91,"column":7}},"type":"if","locations":[{"start":{"line":89,"column":6},"end":{"line":91,"column":7}}]},"4":{"loc":{"start":{"line":136,"column":6},"end":{"line":138,"column":7}},"type":"if","locations":[{"start":{"line":136,"column":6},"end":{"line":138,"column":7}}]},"5":{"loc":{"start":{"line":140,"column":6},"end":{"line":142,"column":7}},"type":"if","locations":[{"start":{"line":140,"column":6},"end":{"line":142,"column":7}}]},"6":{"loc":{"start":{"line":144,"column":6},"end":{"line":146,"column":7}},"type":"if","locations":[{"start":{"line":144,"column":6},"end":{"line":146,"column":7}}]},"7":{"loc":{"start":{"line":186,"column":6},"end":{"line":188,"column":7}},"type":"if","locations":[{"start":{"line":186,"column":6},"end":{"line":188,"column":7}}]},"8":{"loc":{"start":{"line":191,"column":6},"end":{"line":193,"column":7}},"type":"if","locations":[{"start":{"line":191,"column":6},"end":{"line":193,"column":7}}]},"9":{"loc":{"start":{"line":196,"column":6},"end":{"line":198,"column":7}},"type":"if","locations":[{"start":{"line":196,"column":6},"end":{"line":198,"column":7}}]},"10":{"loc":{"start":{"line":200,"column":6},"end":{"line":202,"column":7}},"type":"if","locations":[{"start":{"line":200,"column":6},"end":{"line":202,"column":7}}]},"11":{"loc":{"start":{"line":241,"column":4},"end":{"line":243,"column":5}},"type":"if","locations":[{"start":{"line":241,"column":4},"end":{"line":243,"column":5}}]}},"s":{"0":1,"1":1,"2":1,"3":1,"4":1,"5":1,"6":0,"7":0,"8":0,"9":0,"10":0,"11":0,"12":0,"13":0,"14":0,"15":0,"16":0,"17":0,"18":0,"19":0,"20":0,"21":0,"22":0,"23":0,"24":0,"25":0,"26":0,"27":0,"28":0,"29":0,"30":0,"31":0,"32":0,"33":0,"34":0,"35":0,"36":0,"37":0,"38":0,"39":0,"40":0,"41":0,"42":0,"43":0,"44":0,"45":0,"46":0,"47":0,"48":0,"49":0,"50":0,"51":0,"52":0,"53":0,"54":0,"55":0,"56":0,"57":0,"58":0,"59":0,"60":0,"61":0,"62":0,"63":0,"64":0,"65":0,"66":0,"67":0,"68":0,"69":0,"70":0,"71":0,"72":0,"73":0,"74":0,"75":0,"76":0,"77":1},"f":{"0":1,"1":0,"2":0,"3":0,"4":0,"5":0,"6":0,"7":0,"8":0,"9":0,"10":0},"b":{"0":[0],"1":[0],"2":[0],"3":[0],"4":[0],"5":[0],"6":[0],"7":[0],"8":[0],"9":[0],"10":[0],"11":[0]}}
,"C:\\Users\\Collins\\Desktop\\demo_wallet\\src\\utils\\jwt.ts": {"path":"C:\\Users\\Collins\\Desktop\\demo_wallet\\src\\utils\\jwt.ts","statementMap":{"0":{"start":{"line":1,"column":0},"end":{"line":1,"column":31}},"1":{"start":{"line":10,"column":22},"end":{"line":21,"column":1}},"2":{"start":{"line":12,"column":16},"end":{"line":17,"column":null}},"3":{"start":{"line":20,"column":2},"end":{"line":20,"column":15}},"4":{"start":{"line":25,"column":9},"end":{"line":25,"column":22}}},"fnMap":{"0":{"name":"(anonymous_1)","decl":{"start":{"line":10,"column":22},"end":{"line":10,"column":23}},"loc":{"start":{"line":10,"column":52},"end":{"line":21,"column":1}}}},"branchMap":{},"s":{"0":1,"1":1,"2":0,"3":0,"4":1},"f":{"0":0},"b":{}}
,"C:\\Users\\Collins\\Desktop\\demo_wallet\\src\\utils\\logger.ts": {"path":"C:\\Users\\Collins\\Desktop\\demo_wallet\\src\\utils\\logger.ts","statementMap":{"0":{"start":{"line":2,"column":0},"end":{"line":2,"column":30}},"1":{"start":{"line":4,"column":15},"end":{"line":15,"column":2}},"2":{"start":{"line":17,"column":0},"end":{"line":24,"column":1}},"3":{"start":{"line":18,"column":2},"end":{"line":23,"column":6}},"4":{"start":{"line":26,"column":0},"end":{"line":26,"column":22}}},"fnMap":{},"branchMap":{"0":{"loc":{"start":{"line":5,"column":9},"end":{"line":5,"column":40}},"type":"binary-expr","locations":[{"start":{"line":5,"column":9},"end":{"line":5,"column":30}},{"start":{"line":5,"column":34},"end":{"line":5,"column":40}}]},"1":{"loc":{"start":{"line":17,"column":0},"end":{"line":24,"column":1}},"type":"if","locations":[{"start":{"line":17,"column":0},"end":{"line":24,"column":1}}]}},"s":{"0":1,"1":1,"2":1,"3":1,"4":1},"f":{},"b":{"0":[1,1],"1":[1]}}
,"C:\\Users\\Collins\\Desktop\\demo_wallet\\src\\utils\\response.ts": {"path":"C:\\Users\\Collins\\Desktop\\demo_wallet\\src\\utils\\response.ts","statementMap":{"0":{"start":{"line":10,"column":0},"end":{"line":10,"column":16}},"1":{"start":{"line":23,"column":0},"end":{"line":23,"column":16}},"2":{"start":{"line":35,"column":0},"end":{"line":35,"column":16}},"3":{"start":{"line":39,"column":0},"end":{"line":39,"column":16}},"4":{"start":{"line":43,"column":0},"end":{"line":43,"column":16}},"5":{"start":{"line":47,"column":0},"end":{"line":47,"column":16}},"6":{"start":{"line":51,"column":0},"end":{"line":51,"column":16}},"7":{"start":{"line":55,"column":0},"end":{"line":55,"column":16}},"8":{"start":{"line":2,"column":0},"end":{"line":2,"column":30}},"9":{"start":{"line":16,"column":2},"end":{"line":20,"column":5}},"10":{"start":{"line":24,"column":21},"end":{"line":24,"column":44}},"11":{"start":{"line":25,"column":18},"end":{"line":25,"column":58}},"12":{"start":{"line":27,"column":2},"end":{"line":29,"column":3}},"13":{"start":{"line":28,"column":4},"end":{"line":28,"column":34}},"14":{"start":{"line":31,"column":2},"end":{"line":31,"column":56}},"15":{"start":{"line":36,"column":2},"end":{"line":36,"column":49}},"16":{"start":{"line":40,"column":2},"end":{"line":40,"column":49}},"17":{"start":{"line":44,"column":2},"end":{"line":44,"column":49}},"18":{"start":{"line":48,"column":2},"end":{"line":48,"column":49}},"19":{"start":{"line":52,"column":2},"end":{"line":52,"column":49}},"20":{"start":{"line":56,"column":2},"end":{"line":56,"column":49}}},"fnMap":{"0":{"name":"handleResponse","decl":{"start":{"line":10,"column":16},"end":{"line":10,"column":30}},"loc":{"start":{"line":14,"column":18},"end":{"line":21,"column":1}}},"1":{"name":"handleError","decl":{"start":{"line":23,"column":16},"end":{"line":23,"column":27}},"loc":{"start":{"line":23,"column":53},"end":{"line":32,"column":1}}},"2":{"name":"badRequest","decl":{"start":{"line":35,"column":16},"end":{"line":35,"column":26}},"loc":{"start":{"line":35,"column":75},"end":{"line":37,"column":1}}},"3":{"name":"forbidden","decl":{"start":{"line":39,"column":16},"end":{"line":39,"column":25}},"loc":{"start":{"line":39,"column":74},"end":{"line":41,"column":1}}},"4":{"name":"success","decl":{"start":{"line":43,"column":16},"end":{"line":43,"column":23}},"loc":{"start":{"line":43,"column":72},"end":{"line":45,"column":1}}},"5":{"name":"created","decl":{"start":{"line":47,"column":16},"end":{"line":47,"column":23}},"loc":{"start":{"line":47,"column":72},"end":{"line":49,"column":1}}},"6":{"name":"notFound","decl":{"start":{"line":51,"column":16},"end":{"line":51,"column":24}},"loc":{"start":{"line":51,"column":73},"end":{"line":53,"column":1}}},"7":{"name":"serverError","decl":{"start":{"line":55,"column":16},"end":{"line":55,"column":27}},"loc":{"start":{"line":55,"column":76},"end":{"line":57,"column":1}}}},"branchMap":{"0":{"loc":{"start":{"line":14,"column":2},"end":{"line":14,"column":18}},"type":"default-arg","locations":[{"start":{"line":14,"column":14},"end":{"line":14,"column":18}}]},"1":{"loc":{"start":{"line":24,"column":21},"end":{"line":24,"column":44}},"type":"binary-expr","locations":[{"start":{"line":24,"column":21},"end":{"line":24,"column":37}},{"start":{"line":24,"column":41},"end":{"line":24,"column":44}}]},"2":{"loc":{"start":{"line":25,"column":18},"end":{"line":25,"column":58}},"type":"binary-expr","locations":[{"start":{"line":25,"column":18},"end":{"line":25,"column":31}},{"start":{"line":25,"column":35},"end":{"line":25,"column":58}}]},"3":{"loc":{"start":{"line":27,"column":2},"end":{"line":29,"column":3}},"type":"if","locations":[{"start":{"line":27,"column":2},"end":{"line":29,"column":3}}]},"4":{"loc":{"start":{"line":35,"column":59},"end":{"line":35,"column":75}},"type":"default-arg","locations":[{"start":{"line":35,"column":71},"end":{"line":35,"column":75}}]},"5":{"loc":{"start":{"line":39,"column":58},"end":{"line":39,"column":74}},"type":"default-arg","locations":[{"start":{"line":39,"column":70},"end":{"line":39,"column":74}}]},"6":{"loc":{"start":{"line":43,"column":56},"end":{"line":43,"column":72}},"type":"default-arg","locations":[{"start":{"line":43,"column":68},"end":{"line":43,"column":72}}]},"7":{"loc":{"start":{"line":47,"column":56},"end":{"line":47,"column":72}},"type":"default-arg","locations":[{"start":{"line":47,"column":68},"end":{"line":47,"column":72}}]},"8":{"loc":{"start":{"line":51,"column":57},"end":{"line":51,"column":73}},"type":"default-arg","locations":[{"start":{"line":51,"column":69},"end":{"line":51,"column":73}}]},"9":{"loc":{"start":{"line":55,"column":60},"end":{"line":55,"column":76}},"type":"default-arg","locations":[{"start":{"line":55,"column":72},"end":{"line":55,"column":76}}]}},"s":{"0":1,"1":1,"2":1,"3":1,"4":1,"5":1,"6":1,"7":1,"8":1,"9":2,"10":2,"11":2,"12":2,"13":2,"14":2,"15":0,"16":0,"17":0,"18":0,"19":0,"20":0},"f":{"0":2,"1":2,"2":0,"3":0,"4":0,"5":0,"6":0,"7":0},"b":{"0":[0],"1":[2,2],"2":[2,0],"3":[2],"4":[0],"5":[0],"6":[0],"7":[0],"8":[0],"9":[0]}}
}
