TN:
SF:knexfile.ts
FNF:0
FNH:0
DA:2,5
DA:7,5
DA:10,5
DA:30,5
LF:4
LH:4
BRF:0
BRH:0
end_of_record
TN:
SF:src\app.ts
FN:36,(anonymous_8)
FN:44,(anonymous_9)
FN:51,(anonymous_10)
FN:62,(anonymous_11)
FN:67,(anonymous_12)
FN:76,gracefulShutdown
FN:86,(anonymous_15)
FN:101,(anonymous_16)
FN:106,(anonymous_17)
FN:111,(anonymous_18)
FNF:10
FNH:2
FNDA:0,(anonymous_8)
FNDA:0,(anonymous_9)
FNDA:0,(anonymous_10)
FNDA:4,(anonymous_11)
FNDA:0,(anonymous_12)
FNDA:0,gracefulShutdown
FNDA:0,(anonymous_15)
FNDA:1,(anonymous_16)
FNDA:0,(anonymous_17)
FNDA:0,(anonymous_18)
DA:2,1
DA:3,1
DA:4,1
DA:5,1
DA:6,1
DA:7,1
DA:8,1
DA:9,1
DA:10,1
DA:11,1
DA:14,1
DA:17,1
DA:18,1
DA:21,1
DA:26,1
DA:29,1
DA:30,1
DA:33,1
DA:34,0
DA:37,0
DA:44,1
DA:45,0
DA:51,1
DA:52,0
DA:56,1
DA:59,1
DA:62,1
DA:63,4
DA:67,1
DA:68,0
DA:69,0
DA:73,1
DA:74,1
DA:77,0
DA:79,0
DA:81,0
DA:82,0
DA:85,0
DA:86,0
DA:87,0
DA:88,0
DA:91,0
DA:94,0
DA:95,0
DA:100,1
DA:101,1
DA:102,1
DA:106,1
DA:107,0
DA:108,0
DA:111,1
DA:112,0
DA:113,0
DA:116,1
LF:54
LH:33
BRDA:33,0,0,0
BRDA:85,1,0,0
BRDA:85,1,1,0
BRDA:100,2,0,1
BRDA:100,2,1,0
BRF:5
BRH:1
end_of_record
TN:
SF:src\swagger.ts
FN:34,(anonymous_1)
FNF:1
FNH:1
FNDA:1,(anonymous_1)
DA:1,1
DA:2,1
DA:5,1
DA:32,1
DA:34,1
DA:35,1
LF:6
LH:6
BRF:0
BRH:0
end_of_record
TN:
SF:src\config\database.ts
FNF:0
FNH:0
DA:1,5
DA:2,5
DA:4,5
LF:3
LH:3
BRF:0
BRH:0
end_of_record
TN:
SF:src\controllers\userController.ts
FN:8,(anonymous_7)
FN:18,(anonymous_9)
FN:28,(anonymous_11)
FN:39,(anonymous_13)
FNF:4
FNH:4
FNDA:2,(anonymous_7)
FNDA:2,(anonymous_9)
FNDA:2,(anonymous_11)
FNDA:2,(anonymous_13)
DA:3,2
DA:5,2
DA:9,2
DA:10,2
DA:11,2
DA:12,1
DA:14,1
DA:19,2
DA:20,2
DA:21,2
DA:22,1
DA:24,1
DA:29,2
DA:30,2
DA:31,2
DA:32,1
DA:34,1
DA:40,2
DA:41,2
DA:42,2
DA:43,2
DA:44,1
DA:46,1
DA:51,2
LF:24
LH:24
BRF:0
BRH:0
end_of_record
TN:
SF:src\controllers\walletController.ts
FN:15,(anonymous_8)
FN:16,(anonymous_9)
FN:16,(anonymous_10)
FN:34,(anonymous_11)
FN:34,(anonymous_12)
FN:55,(anonymous_13)
FN:55,(anonymous_14)
FN:66,(anonymous_15)
FN:66,(anonymous_16)
FN:97,(anonymous_17)
FN:97,(anonymous_18)
FN:137,(anonymous_19)
FN:137,(anonymous_20)
FN:167,(anonymous_21)
FN:167,(anonymous_22)
FN:188,(anonymous_23)
FN:188,(anonymous_24)
FNF:17
FNH:9
FNDA:8,(anonymous_8)
FNDA:2,(anonymous_9)
FNDA:2,(anonymous_10)
FNDA:2,(anonymous_11)
FNDA:2,(anonymous_12)
FNDA:0,(anonymous_13)
FNDA:0,(anonymous_14)
FNDA:2,(anonymous_15)
FNDA:2,(anonymous_16)
FNDA:0,(anonymous_17)
FNDA:0,(anonymous_18)
FNDA:3,(anonymous_19)
FNDA:3,(anonymous_20)
FNDA:0,(anonymous_21)
FNDA:0,(anonymous_22)
FNDA:0,(anonymous_23)
FNDA:0,(anonymous_24)
DA:3,2
DA:4,2
DA:5,2
DA:15,2
DA:16,8
DA:17,2
DA:18,2
DA:20,2
DA:22,1
DA:24,1
DA:26,1
DA:27,0
DA:30,1
DA:34,8
DA:35,2
DA:36,2
DA:38,2
DA:39,0
DA:42,2
DA:44,1
DA:45,0
DA:48,1
DA:50,1
DA:51,1
DA:55,8
DA:56,0
DA:57,0
DA:59,0
DA:61,0
DA:62,0
DA:66,8
DA:67,2
DA:68,2
DA:69,2
DA:71,2
DA:72,0
DA:75,2
DA:77,0
DA:79,0
DA:83,2
DA:85,2
DA:86,0
DA:89,2
DA:90,0
DA:93,2
DA:97,8
DA:98,0
DA:99,0
DA:100,0
DA:102,0
DA:103,0
DA:106,0
DA:110,0
DA:113,0
DA:115,0
DA:121,0
DA:123,0
DA:125,0
DA:126,0
DA:129,0
DA:130,0
DA:133,0
DA:137,8
DA:138,3
DA:139,3
DA:140,3
DA:142,3
DA:143,0
DA:146,3
DA:148,0
DA:150,0
DA:157,0
DA:159,0
DA:160,0
DA:163,0
DA:167,8
DA:168,0
DA:169,0
DA:170,0
DA:173,0
DA:175,0
DA:181,0
DA:183,0
DA:184,0
DA:188,8
DA:189,0
DA:190,0
DA:192,0
DA:194,0
DA:196,0
DA:198,0
DA:199,0
DA:206,2
LF:93
LH:42
BRDA:26,0,0,0
BRDA:36,1,0,0
BRDA:36,1,1,2
BRDA:36,2,0,2
BRDA:36,2,1,2
BRDA:38,3,0,0
BRDA:44,4,0,0
BRDA:69,5,0,0
BRDA:69,5,1,2
BRDA:69,6,0,2
BRDA:69,6,1,2
BRDA:71,7,0,0
BRDA:85,8,0,0
BRDA:89,9,0,0
BRDA:100,10,0,0
BRDA:100,10,1,0
BRDA:100,11,0,0
BRDA:100,11,1,0
BRDA:102,12,0,0
BRDA:125,13,0,0
BRDA:129,14,0,0
BRDA:140,15,0,0
BRDA:140,15,1,3
BRDA:140,16,0,3
BRDA:140,16,1,3
BRDA:142,17,0,0
BRDA:159,18,0,0
BRDA:170,19,0,0
BRDA:170,19,1,0
BRDA:170,20,0,0
BRDA:170,20,1,0
BRDA:190,21,0,0
BRDA:190,21,1,0
BRDA:190,22,0,0
BRDA:190,22,1,0
BRF:35
BRH:9
end_of_record
TN:
SF:src\middlewares\auth.ts
FN:4,(anonymous_1)
FN:21,(anonymous_2)
FNF:2
FNH:2
FNDA:10,(anonymous_1)
FNDA:2,(anonymous_2)
DA:2,2
DA:4,2
DA:5,10
DA:7,10
DA:8,1
DA:11,9
DA:12,9
DA:13,7
DA:14,7
DA:16,2
DA:21,2
DA:22,2
DA:23,1
DA:25,1
LF:14
LH:14
BRDA:5,0,0,1
BRDA:5,0,1,9
BRDA:5,1,0,10
BRDA:5,1,1,10
BRDA:7,2,0,1
BRDA:22,3,0,1
BRF:6
BRH:6
end_of_record
TN:
SF:src\middlewares\validator\userValidator.ts
FN:8,(anonymous_8)
FN:61,(anonymous_9)
FN:65,(anonymous_10)
FN:78,(anonymous_11)
FN:85,(anonymous_12)
FNF:5
FNH:0
FNDA:0,(anonymous_8)
FNDA:0,(anonymous_9)
FNDA:0,(anonymous_10)
FNDA:0,(anonymous_11)
FNDA:0,(anonymous_12)
DA:2,1
DA:9,0
DA:10,0
DA:11,0
DA:16,1
DA:61,1
DA:65,0
DA:66,0
DA:67,0
DA:73,0
DA:74,0
DA:76,0
DA:78,0
DA:84,0
DA:85,0
DA:87,0
DA:88,0
DA:92,0
LF:18
LH:3
BRDA:76,0,0,0
BRF:1
BRH:0
end_of_record
TN:
SF:src\middlewares\validator\walletValidator.ts
FN:23,(anonymous_1)
FN:30,(anonymous_2)
FN:35,(anonymous_3)
FN:42,(anonymous_4)
FN:47,(anonymous_5)
FN:54,(anonymous_6)
FN:59,(anonymous_7)
FN:66,(anonymous_8)
FNF:8
FNH:2
FNDA:0,(anonymous_1)
FNDA:0,(anonymous_2)
FNDA:0,(anonymous_3)
FNDA:0,(anonymous_4)
FNDA:0,(anonymous_5)
FNDA:0,(anonymous_6)
FNDA:3,(anonymous_7)
FNDA:3,(anonymous_8)
DA:2,1
DA:3,1
DA:5,1
DA:9,1
DA:13,1
DA:19,1
DA:23,1
DA:28,0
DA:29,0
DA:30,0
DA:32,0
DA:35,1
DA:40,0
DA:41,0
DA:42,0
DA:44,0
DA:47,1
DA:52,0
DA:53,0
DA:54,0
DA:56,0
DA:59,1
DA:64,3
DA:65,3
DA:66,3
DA:68,3
LF:26
LH:14
BRDA:29,0,0,0
BRDA:41,1,0,0
BRDA:53,2,0,0
BRDA:65,3,0,3
BRF:4
BRH:1
end_of_record
TN:
SF:src\models\Transaction.ts
FN:1,(anonymous_0)
FN:7,(anonymous_1)
FNF:2
FNH:2
FNDA:5,(anonymous_0)
FNDA:5,(anonymous_1)
DA:1,5
DA:2,5
DA:3,5
DA:4,5
DA:7,5
DA:8,5
DA:9,5
DA:10,5
LF:8
LH:8
BRDA:1,0,0,5
BRDA:1,0,1,5
BRDA:7,1,0,5
BRDA:7,1,1,5
BRF:4
BRH:4
end_of_record
TN:
SF:src\models\Wallet.ts
FN:1,(anonymous_0)
FNF:1
FNH:1
FNDA:5,(anonymous_0)
DA:1,5
DA:2,5
DA:3,5
DA:4,5
LF:4
LH:4
BRDA:1,0,0,5
BRDA:1,0,1,5
BRF:2
BRH:2
end_of_record
TN:
SF:src\routes\index.ts
FNF:0
FNH:0
DA:3,1
DA:4,1
DA:5,1
DA:7,1
DA:9,1
DA:10,1
DA:12,1
LF:7
LH:7
BRF:0
BRH:0
end_of_record
TN:
SF:src\routes\userRoutes.ts
FNF:0
FNH:0
DA:1,1
DA:2,1
DA:3,1
DA:4,1
DA:6,1
DA:44,1
DA:69,1
DA:102,1
DA:107,1
LF:9
LH:9
BRF:0
BRH:0
end_of_record
TN:
SF:src\routes\walletRoutes.ts
FNF:0
FNH:0
DA:2,1
DA:3,1
DA:4,1
DA:9,1
DA:11,1
DA:13,1
DA:41,1
DA:57,1
DA:88,1
DA:118,1
DA:150,1
DA:166,1
DA:184,1
DA:187,1
LF:14
LH:14
BRF:0
BRH:0
end_of_record
TN:
SF:src\services\adjutorService.ts
FN:9,(anonymous_8)
FN:14,(anonymous_9)
FN:21,(anonymous_10)
FNF:3
FNH:2
FNDA:5,(anonymous_8)
FNDA:8,(anonymous_9)
FNDA:0,(anonymous_10)
DA:1,5
DA:2,5
DA:4,5
DA:10,5
DA:11,5
DA:15,8
DA:16,5
DA:18,8
DA:22,0
DA:23,0
DA:24,0
DA:29,0
DA:36,0
DA:37,0
DA:40,0
DA:42,0
DA:48,0
DA:50,0
DA:51,0
LF:19
LH:8
BRDA:15,0,0,5
BRDA:23,1,0,0
BRDA:23,2,0,0
BRDA:23,2,1,0
BRDA:36,3,0,0
BRDA:42,4,0,0
BRDA:43,5,0,0
BRDA:43,5,1,0
BRDA:43,5,2,0
BRDA:44,6,0,0
BRDA:44,6,1,0
BRDA:44,7,0,0
BRDA:44,7,1,0
BRDA:45,8,0,0
BRDA:45,8,1,0
BRDA:45,9,0,0
BRDA:45,9,1,0
BRDA:45,10,0,0
BRDA:45,10,1,0
BRDA:45,11,0,0
BRDA:45,11,1,0
BRF:21
BRH:1
end_of_record
TN:
SF:src\services\userService.ts
FN:12,(anonymous_8)
FN:14,(anonymous_10)
FN:14,(anonymous_11)
FN:59,(anonymous_12)
FN:82,(anonymous_14)
FN:92,(anonymous_16)
FN:115,(anonymous_18)
FN:126,(anonymous_20)
FNF:8
FNH:7
FNDA:2,(anonymous_8)
FNDA:2,(anonymous_10)
FNDA:2,(anonymous_11)
FNDA:2,(anonymous_12)
FNDA:2,(anonymous_14)
FNDA:2,(anonymous_16)
FNDA:2,(anonymous_18)
FNDA:0,(anonymous_20)
DA:3,3
DA:4,3
DA:7,3
DA:8,3
DA:9,3
DA:11,3
DA:13,2
DA:14,2
DA:16,2
DA:20,2
DA:24,0
DA:25,0
DA:29,0
DA:41,0
DA:44,0
DA:48,0
DA:51,2
DA:52,2
DA:54,0
DA:63,2
DA:64,2
DA:66,1
DA:72,1
DA:74,1
DA:75,1
DA:77,0
DA:83,2
DA:85,2
DA:86,1
DA:89,1
DA:93,2
DA:98,2
DA:99,2
DA:102,2
DA:107,0
DA:108,0
DA:111,0
DA:116,2
DA:118,2
DA:119,1
DA:122,1
DA:128,0
DA:131,0
DA:135,3
LF:44
LH:31
BRDA:24,0,0,0
BRDA:36,1,0,0
BRDA:36,1,1,0
BRDA:51,2,0,2
BRDA:51,2,1,0
BRDA:74,3,0,1
BRDA:74,3,1,0
BRDA:85,4,0,1
BRDA:98,5,0,2
BRDA:107,6,0,0
BRDA:118,7,0,1
BRDA:118,8,0,2
BRDA:118,8,1,1
BRF:13
BRH:7
end_of_record
TN:
SF:src\services\walletService.ts
FN:15,(anonymous_7)
FN:19,(anonymous_8)
FN:55,(anonymous_10)
FN:65,(anonymous_12)
FN:75,(anonymous_14)
FN:79,(anonymous_16)
FN:123,(anonymous_18)
FN:179,(anonymous_20)
FN:180,(anonymous_22)
FN:180,(anonymous_23)
FN:229,(anonymous_24)
FNF:11
FNH:3
FNDA:8,(anonymous_7)
FNDA:0,(anonymous_8)
FNDA:3,(anonymous_10)
FNDA:0,(anonymous_12)
FNDA:0,(anonymous_14)
FNDA:3,(anonymous_16)
FNDA:0,(anonymous_18)
FNDA:0,(anonymous_20)
FNDA:0,(anonymous_22)
FNDA:0,(anonymous_23)
FNDA:0,(anonymous_24)
DA:2,5
DA:3,5
DA:4,5
DA:5,5
DA:6,5
DA:12,5
DA:16,8
DA:20,0
DA:22,0
DA:26,0
DA:27,0
DA:30,0
DA:33,0
DA:34,0
DA:37,0
DA:47,0
DA:48,0
DA:50,0
DA:51,0
DA:56,3
DA:57,3
DA:59,0
DA:61,0
DA:66,0
DA:68,0
DA:69,0
DA:72,0
DA:76,0
DA:80,3
DA:82,0
DA:84,0
DA:89,0
DA:90,0
DA:93,0
DA:104,0
DA:105,0
DA:110,0
DA:115,0
DA:116,0
DA:118,0
DA:119,0
DA:128,0
DA:130,0
DA:131,0
DA:136,0
DA:137,0
DA:140,0
DA:141,0
DA:144,0
DA:145,0
DA:148,0
DA:159,0
DA:167,0
DA:172,0
DA:173,0
DA:175,0
DA:176,0
DA:180,0
DA:181,0
DA:186,0
DA:187,0
DA:191,0
DA:192,0
DA:196,0
DA:197,0
DA:200,0
DA:201,0
DA:204,0
DA:215,0
DA:225,0
DA:233,0
DA:235,0
DA:241,0
DA:242,0
DA:245,0
DA:247,0
DA:249,0
DA:253,5
LF:78
LH:11
BRDA:26,0,0,0
BRDA:33,1,0,0
BRDA:68,2,0,0
BRDA:89,3,0,0
BRDA:136,4,0,0
BRDA:140,5,0,0
BRDA:144,6,0,0
BRDA:186,7,0,0
BRDA:191,8,0,0
BRDA:196,9,0,0
BRDA:200,10,0,0
BRDA:241,11,0,0
BRF:12
BRH:0
end_of_record
TN:
SF:src\utils\jwt.ts
FN:10,(anonymous_1)
FNF:1
FNH:1
FNDA:1,(anonymous_1)
DA:1,3
DA:10,3
DA:12,1
DA:20,1
DA:25,3
LF:5
LH:5
BRF:0
BRH:0
end_of_record
TN:
SF:src\utils\logger.ts
FNF:0
FNH:0
DA:2,7
DA:4,7
DA:17,7
DA:18,7
DA:26,7
LF:5
LH:5
BRDA:5,0,0,7
BRDA:5,0,1,7
BRDA:17,1,0,7
BRF:3
BRH:3
end_of_record
TN:
SF:src\utils\response.ts
FN:10,handleResponse
FN:23,handleError
FN:35,badRequest
FN:39,forbidden
FN:43,success
FN:47,created
FN:51,notFound
FN:55,serverError
FNF:8
FNH:5
FNDA:21,handleResponse
FNDA:5,handleError
FNDA:3,badRequest
FNDA:0,forbidden
FNDA:2,success
FNDA:0,created
FNDA:0,notFound
FNDA:3,serverError
DA:2,3
DA:10,3
DA:16,21
DA:23,3
DA:24,5
DA:25,5
DA:27,5
DA:28,5
DA:31,5
DA:35,3
DA:36,3
DA:39,3
DA:40,0
DA:43,3
DA:44,2
DA:47,3
DA:48,0
DA:51,3
DA:52,0
DA:55,3
DA:56,3
LF:21
LH:18
BRDA:14,0,0,0
BRDA:24,1,0,5
BRDA:24,1,1,5
BRDA:25,2,0,5
BRDA:25,2,1,0
BRDA:27,3,0,5
BRDA:35,4,0,3
BRDA:39,5,0,0
BRDA:43,6,0,0
BRDA:47,7,0,0
BRDA:51,8,0,0
BRDA:55,9,0,3
BRF:12
BRH:6
end_of_record
