TN:
SF:knexfile.ts
FNF:0
FNH:0
DA:2,1
DA:7,1
DA:10,1
DA:30,1
LF:4
LH:4
BRF:0
BRH:0
end_of_record
TN:
SF:src\config\database.ts
FNF:0
FNH:0
DA:1,1
DA:2,1
DA:4,1
LF:3
LH:3
BRF:0
BRH:0
end_of_record
TN:
SF:src\controllers\userController.ts
FN:8,(anonymous_7)
FN:18,(anonymous_9)
FN:28,(anonymous_11)
FN:39,(anonymous_13)
FNF:4
FNH:2
FNDA:1,(anonymous_7)
FNDA:0,(anonymous_9)
FNDA:1,(anonymous_11)
FNDA:0,(anonymous_13)
DA:3,1
DA:5,1
DA:9,1
DA:10,1
DA:11,1
DA:12,0
DA:14,1
DA:19,0
DA:20,0
DA:21,0
DA:22,0
DA:24,0
DA:29,1
DA:30,1
DA:31,0
DA:32,0
DA:34,1
DA:40,0
DA:41,0
DA:42,0
DA:43,0
DA:44,0
DA:46,0
DA:51,1
LF:24
LH:10
BRF:0
BRH:0
end_of_record
TN:
SF:src\models\Transaction.ts
FN:1,(anonymous_0)
FN:7,(anonymous_1)
FNF:2
FNH:2
FNDA:1,(anonymous_0)
FNDA:1,(anonymous_1)
DA:1,1
DA:2,1
DA:3,1
DA:4,1
DA:7,1
DA:8,1
DA:9,1
DA:10,1
LF:8
LH:8
BRDA:1,0,0,1
BRDA:1,0,1,1
BRDA:7,1,0,1
BRDA:7,1,1,1
BRF:4
BRH:4
end_of_record
TN:
SF:src\models\Wallet.ts
FN:1,(anonymous_0)
FNF:1
FNH:1
FNDA:1,(anonymous_0)
DA:1,1
DA:2,1
DA:3,1
DA:4,1
LF:4
LH:4
BRDA:1,0,0,1
BRDA:1,0,1,1
BRF:2
BRH:2
end_of_record
TN:
SF:src\services\adjutorService.ts
FN:9,(anonymous_8)
FN:14,(anonymous_9)
FN:21,(anonymous_10)
FNF:3
FNH:2
FNDA:1,(anonymous_8)
FNDA:1,(anonymous_9)
FNDA:0,(anonymous_10)
DA:1,1
DA:2,1
DA:4,1
DA:10,1
DA:11,1
DA:15,1
DA:16,1
DA:18,1
DA:22,0
DA:23,0
DA:24,0
DA:29,0
DA:36,0
DA:37,0
DA:40,0
DA:42,0
DA:48,0
DA:50,0
DA:51,0
LF:19
LH:8
BRDA:15,0,0,1
BRDA:23,1,0,0
BRDA:23,2,0,0
BRDA:23,2,1,0
BRDA:36,3,0,0
BRDA:42,4,0,0
BRDA:43,5,0,0
BRDA:43,5,1,0
BRDA:43,5,2,0
BRDA:44,6,0,0
BRDA:44,6,1,0
BRDA:44,7,0,0
BRDA:44,7,1,0
BRDA:45,8,0,0
BRDA:45,8,1,0
BRDA:45,9,0,0
BRDA:45,9,1,0
BRDA:45,10,0,0
BRDA:45,10,1,0
BRDA:45,11,0,0
BRDA:45,11,1,0
BRF:21
BRH:1
end_of_record
TN:
SF:src\services\userService.ts
FN:12,(anonymous_8)
FN:14,(anonymous_10)
FN:14,(anonymous_11)
FN:59,(anonymous_12)
FN:82,(anonymous_14)
FN:92,(anonymous_16)
FN:115,(anonymous_18)
FN:126,(anonymous_20)
FNF:8
FNH:3
FNDA:1,(anonymous_8)
FNDA:1,(anonymous_10)
FNDA:1,(anonymous_11)
FNDA:0,(anonymous_12)
FNDA:0,(anonymous_14)
FNDA:0,(anonymous_16)
FNDA:0,(anonymous_18)
FNDA:0,(anonymous_20)
DA:3,1
DA:4,1
DA:7,1
DA:8,1
DA:9,1
DA:13,1
DA:14,1
DA:16,1
DA:20,1
DA:24,1
DA:25,1
DA:29,0
DA:41,0
DA:44,0
DA:48,0
DA:51,1
DA:52,1
DA:54,0
DA:63,0
DA:64,0
DA:66,0
DA:72,0
DA:74,0
DA:75,0
DA:77,0
DA:83,0
DA:85,0
DA:86,0
DA:89,0
DA:93,0
DA:98,0
DA:99,0
DA:102,0
DA:107,0
DA:108,0
DA:111,0
DA:116,0
DA:118,0
DA:119,0
DA:122,0
DA:128,0
DA:131,0
DA:135,1
LF:43
LH:14
BRDA:24,0,0,1
BRDA:36,1,0,0
BRDA:36,1,1,0
BRDA:51,2,0,1
BRDA:51,2,1,0
BRDA:74,3,0,0
BRDA:74,3,1,0
BRDA:85,4,0,0
BRDA:98,5,0,0
BRDA:107,6,0,0
BRDA:118,7,0,0
BRDA:118,8,0,0
BRDA:118,8,1,0
BRF:13
BRH:2
end_of_record
TN:
SF:src\services\walletService.ts
FN:15,(anonymous_7)
FN:19,(anonymous_8)
FN:55,(anonymous_10)
FN:65,(anonymous_12)
FN:75,(anonymous_14)
FN:79,(anonymous_16)
FN:123,(anonymous_18)
FN:179,(anonymous_20)
FN:180,(anonymous_22)
FN:180,(anonymous_23)
FN:229,(anonymous_24)
FNF:11
FNH:1
FNDA:1,(anonymous_7)
FNDA:0,(anonymous_8)
FNDA:0,(anonymous_10)
FNDA:0,(anonymous_12)
FNDA:0,(anonymous_14)
FNDA:0,(anonymous_16)
FNDA:0,(anonymous_18)
FNDA:0,(anonymous_20)
FNDA:0,(anonymous_22)
FNDA:0,(anonymous_23)
FNDA:0,(anonymous_24)
DA:2,1
DA:3,1
DA:4,1
DA:5,1
DA:6,1
DA:16,1
DA:20,0
DA:22,0
DA:26,0
DA:27,0
DA:30,0
DA:33,0
DA:34,0
DA:37,0
DA:47,0
DA:48,0
DA:50,0
DA:51,0
DA:56,0
DA:57,0
DA:59,0
DA:61,0
DA:66,0
DA:68,0
DA:69,0
DA:72,0
DA:76,0
DA:80,0
DA:82,0
DA:84,0
DA:89,0
DA:90,0
DA:93,0
DA:104,0
DA:105,0
DA:110,0
DA:115,0
DA:116,0
DA:118,0
DA:119,0
DA:128,0
DA:130,0
DA:131,0
DA:136,0
DA:137,0
DA:140,0
DA:141,0
DA:144,0
DA:145,0
DA:148,0
DA:159,0
DA:167,0
DA:172,0
DA:173,0
DA:175,0
DA:176,0
DA:180,0
DA:181,0
DA:186,0
DA:187,0
DA:191,0
DA:192,0
DA:196,0
DA:197,0
DA:200,0
DA:201,0
DA:204,0
DA:215,0
DA:225,0
DA:233,0
DA:235,0
DA:241,0
DA:242,0
DA:245,0
DA:247,0
DA:249,0
DA:253,1
LF:77
LH:7
BRDA:26,0,0,0
BRDA:33,1,0,0
BRDA:68,2,0,0
BRDA:89,3,0,0
BRDA:136,4,0,0
BRDA:140,5,0,0
BRDA:144,6,0,0
BRDA:186,7,0,0
BRDA:191,8,0,0
BRDA:196,9,0,0
BRDA:200,10,0,0
BRDA:241,11,0,0
BRF:12
BRH:0
end_of_record
TN:
SF:src\utils\jwt.ts
FN:10,(anonymous_1)
FNF:1
FNH:0
FNDA:0,(anonymous_1)
DA:1,1
DA:10,1
DA:12,0
DA:20,0
DA:25,1
LF:5
LH:3
BRF:0
BRH:0
end_of_record
TN:
SF:src\utils\logger.ts
FNF:0
FNH:0
DA:2,1
DA:4,1
DA:17,1
DA:18,1
DA:26,1
LF:5
LH:5
BRDA:5,0,0,1
BRDA:5,0,1,1
BRDA:17,1,0,1
BRF:3
BRH:3
end_of_record
TN:
SF:src\utils\response.ts
FN:10,handleResponse
FN:23,handleError
FN:35,badRequest
FN:39,forbidden
FN:43,success
FN:47,created
FN:51,notFound
FN:55,serverError
FNF:8
FNH:2
FNDA:2,handleResponse
FNDA:2,handleError
FNDA:0,badRequest
FNDA:0,forbidden
FNDA:0,success
FNDA:0,created
FNDA:0,notFound
FNDA:0,serverError
DA:2,1
DA:10,1
DA:16,2
DA:23,1
DA:24,2
DA:25,2
DA:27,2
DA:28,2
DA:31,2
DA:35,1
DA:36,0
DA:39,1
DA:40,0
DA:43,1
DA:44,0
DA:47,1
DA:48,0
DA:51,1
DA:52,0
DA:55,1
DA:56,0
LF:21
LH:15
BRDA:14,0,0,0
BRDA:24,1,0,2
BRDA:24,1,1,2
BRDA:25,2,0,2
BRDA:25,2,1,0
BRDA:27,3,0,2
BRDA:35,4,0,0
BRDA:39,5,0,0
BRDA:43,6,0,0
BRDA:47,7,0,0
BRDA:51,8,0,0
BRDA:55,9,0,0
BRF:12
BRH:4
end_of_record
